<?xml version="1.0" encoding="utf-8"?>
<CoverageSession xmlns:xsd="http://www.w3.org/2001/XMLSchema" xmlns:xsi="http://www.w3.org/2001/XMLSchema-instance">
  <Summary numSequencePoints="0" visitedSequencePoints="0" numBranchPoints="0" visitedBranchPoints="0" sequenceCoverage="0" branchCoverage="0" maxCyclomaticComplexity="0" minCyclomaticComplexity="0" visitedClasses="0" numClasses="0" visitedMethods="0" numMethods="0" />
  <Modules>
    <Module skippedDueTo="Filter" hash="6B-FD-F4-02-2D-A1-32-9E-EE-D5-BD-34-EB-7B-26-DE-57-19-B5-DE">
      <ModulePath>C:\Program Files\dotnet\shared\Microsoft.NETCore.App\2.0.5\System.Private.CoreLib.dll</ModulePath>
      <ModuleTime>2017-12-20T19:43:18Z</ModuleTime>
      <ModuleName>System.Private.CoreLib</ModuleName>
      <Classes />
    </Module>
    <Module skippedDueTo="Filter" hash="05-CA-33-B6-B6-A2-E6-51-94-A6-A1-3A-E4-89-E3-1D-16-80-6E-1F">
      <ModulePath>C:\Program Files\dotnet\sdk\2.1.4\dotnet.dll</ModulePath>
      <ModuleTime>2017-12-21T03:01:56Z</ModuleTime>
      <ModuleName>dotnet</ModuleName>
      <Classes />
    </Module>
    <Module skippedDueTo="Filter" hash="41-1F-8E-E9-67-29-F0-15-6D-EB-92-86-91-0B-7E-88-1E-12-8D-0C">
      <ModulePath>C:\Program Files\dotnet\shared\Microsoft.NETCore.App\2.0.5\System.Runtime.dll</ModulePath>
      <ModuleTime>2017-12-20T19:43:16Z</ModuleTime>
      <ModuleName>System.Runtime</ModuleName>
      <Classes />
    </Module>
    <Module skippedDueTo="Filter" hash="DC-BB-A6-A1-EA-28-DC-8D-8C-28-8A-4A-A8-86-22-C2-B9-B1-8A-DD">
      <ModulePath>C:\Program Files\dotnet\sdk\2.1.4\Microsoft.DotNet.Cli.Utils.dll</ModulePath>
      <ModuleTime>2017-12-21T03:00:50Z</ModuleTime>
      <ModuleName>Microsoft.DotNet.Cli.Utils</ModuleName>
      <Classes />
    </Module>
    <Module skippedDueTo="Filter" hash="39-20-64-84-D7-D0-5A-A6-43-87-E7-0D-7F-9A-8C-6B-51-C9-F5-E9">
      <ModulePath>C:\Program Files\dotnet\shared\Microsoft.NETCore.App\2.0.5\System.Runtime.Extensions.dll</ModulePath>
      <ModuleTime>2017-12-20T19:43:16Z</ModuleTime>
      <ModuleName>System.Runtime.Extensions</ModuleName>
      <Classes />
    </Module>
    <Module skippedDueTo="Filter" hash="A1-B2-87-D4-78-17-12-F6-93-F9-84-93-4C-AF-7A-D7-B0-96-20-33">
      <ModulePath>C:\Program Files\dotnet\shared\Microsoft.NETCore.App\2.0.5\System.Runtime.Loader.dll</ModulePath>
      <ModuleTime>2017-12-20T19:43:16Z</ModuleTime>
      <ModuleName>System.Runtime.Loader</ModuleName>
      <Classes />
    </Module>
    <Module skippedDueTo="Filter" hash="6D-56-C5-17-8B-4A-90-00-7C-75-14-27-E1-65-51-4D-F8-11-BC-43">
      <ModulePath>C:\Program Files\dotnet\sdk\2.1.4\Microsoft.DotNet.PlatformAbstractions.dll</ModulePath>
      <ModuleTime>2017-12-21T03:00:50Z</ModuleTime>
      <ModuleName>Microsoft.DotNet.PlatformAbstractions</ModuleName>
      <Classes />
    </Module>
    <Module skippedDueTo="Filter" hash="EB-D5-85-1D-63-0E-26-A0-A2-87-8B-C7-75-30-5F-1B-02-57-65-64">
      <ModulePath>C:\Program Files\dotnet\shared\Microsoft.NETCore.App\2.0.5\System.Runtime.InteropServices.RuntimeInformation.dll</ModulePath>
      <ModuleTime>2017-12-20T19:43:16Z</ModuleTime>
      <ModuleName>System.Runtime.InteropServices.RuntimeInformation</ModuleName>
      <Classes />
    </Module>
    <Module skippedDueTo="Filter" hash="57-51-2E-09-50-36-05-C8-F5-3A-5E-09-66-60-1C-C9-B9-9B-16-04">
      <ModulePath>C:\Program Files\dotnet\shared\Microsoft.NETCore.App\2.0.5\System.Reflection.dll</ModulePath>
      <ModuleTime>2017-12-20T19:43:16Z</ModuleTime>
      <ModuleName>System.Reflection</ModuleName>
      <Classes />
    </Module>
    <Module skippedDueTo="Filter" hash="63-FD-C6-E8-DB-A7-8A-8E-25-84-B8-B0-B6-62-FF-9D-E2-7E-B9-D0">
      <ModulePath>C:\Program Files\dotnet\shared\Microsoft.NETCore.App\2.0.5\System.Reflection.Extensions.dll</ModulePath>
      <ModuleTime>2017-12-20T19:43:16Z</ModuleTime>
      <ModuleName>System.Reflection.Extensions</ModuleName>
      <Classes />
    </Module>
    <Module skippedDueTo="Filter" hash="B5-05-9F-47-D9-B8-DC-49-D5-D5-06-B6-30-3D-DB-39-94-F8-25-1B">
      <ModulePath>C:\Program Files\dotnet\shared\Microsoft.NETCore.App\2.0.5\System.Runtime.InteropServices.dll</ModulePath>
      <ModuleTime>2017-12-20T19:43:16Z</ModuleTime>
      <ModuleName>System.Runtime.InteropServices</ModuleName>
      <Classes />
    </Module>
    <Module skippedDueTo="Filter" hash="62-96-BF-2C-F9-33-5D-7F-8C-13-D2-55-CA-DA-99-3C-FF-CE-25-63">
      <ModulePath>C:\Program Files\dotnet\shared\Microsoft.NETCore.App\2.0.5\System.IO.FileSystem.dll</ModulePath>
      <ModuleTime>2017-12-20T19:43:14Z</ModuleTime>
      <ModuleName>System.IO.FileSystem</ModuleName>
      <Classes />
    </Module>
    <Module skippedDueTo="Filter" hash="F8-C0-09-E4-C4-A9-D4-23-BC-01-DC-E9-80-46-7B-6F-2D-87-AC-6B">
      <ModulePath>C:\Program Files\dotnet\sdk\2.1.4\runtimes\win\lib\netstandard1.3\System.Text.Encoding.CodePages.dll</ModulePath>
      <ModuleTime>2017-12-21T03:00:20Z</ModuleTime>
      <ModuleName>System.Text.Encoding.CodePages</ModuleName>
      <Classes />
    </Module>
    <Module skippedDueTo="Filter" hash="86-38-1F-10-F9-45-4E-1D-E5-CD-9A-E3-1B-A2-C8-15-BC-7F-8D-A8">
      <ModulePath>C:\Program Files\dotnet\shared\Microsoft.NETCore.App\2.0.5\System.Text.Encoding.dll</ModulePath>
      <ModuleTime>2017-12-20T19:43:18Z</ModuleTime>
      <ModuleName>System.Text.Encoding</ModuleName>
      <Classes />
    </Module>
    <Module skippedDueTo="Filter" hash="CD-27-4E-FD-67-2D-90-A9-46-6A-BC-AE-CC-0D-1A-35-51-BA-78-D1">
      <ModulePath>C:\Program Files\dotnet\shared\Microsoft.NETCore.App\2.0.5\System.Collections.dll</ModulePath>
      <ModuleTime>2017-12-20T19:43:14Z</ModuleTime>
      <ModuleName>System.Collections</ModuleName>
      <Classes />
    </Module>
    <Module skippedDueTo="Filter" hash="E6-F9-D6-79-C9-63-36-8C-A9-C1-04-E0-B6-50-AA-09-5B-ED-80-1B">
      <ModulePath>C:\Program Files\dotnet\shared\Microsoft.NETCore.App\2.0.5\System.Threading.dll</ModulePath>
      <ModuleTime>2017-12-20T19:43:18Z</ModuleTime>
      <ModuleName>System.Threading</ModuleName>
      <Classes />
    </Module>
    <Module skippedDueTo="Filter" hash="82-95-DE-D4-D6-42-93-7A-86-68-E5-8F-AF-86-43-C2-89-C3-DE-4E">
      <ModulePath>C:\Program Files\dotnet\shared\Microsoft.NETCore.App\2.0.5\System.Collections.Concurrent.dll</ModulePath>
      <ModuleTime>2017-12-20T19:43:14Z</ModuleTime>
      <ModuleName>System.Collections.Concurrent</ModuleName>
      <Classes />
    </Module>
    <Module skippedDueTo="Filter" hash="E0-CA-FD-F0-0C-6E-52-39-7A-EF-F1-48-E0-CD-C2-9D-E5-79-E6-78">
      <ModulePath>C:\Program Files\dotnet\shared\Microsoft.NETCore.App\2.0.5\System.Threading.Thread.dll</ModulePath>
      <ModuleTime>2017-12-20T19:43:18Z</ModuleTime>
      <ModuleName>System.Threading.Thread</ModuleName>
      <Classes />
    </Module>
    <Module skippedDueTo="Filter" hash="01-E3-3F-04-6D-FA-DF-23-89-7C-DA-01-CF-F6-42-AA-64-65-18-30">
      <ModulePath>C:\Program Files\dotnet\sdk\2.1.4\Microsoft.DotNet.Configurer.dll</ModulePath>
      <ModuleTime>2017-12-21T03:00:50Z</ModuleTime>
      <ModuleName>Microsoft.DotNet.Configurer</ModuleName>
      <Classes />
    </Module>
    <Module skippedDueTo="Filter" hash="51-C2-8E-5D-FC-F3-88-D1-CD-DE-BB-6D-74-11-AD-D9-4B-1D-A6-88">
      <ModulePath>C:\Program Files\dotnet\shared\Microsoft.NETCore.App\2.0.5\System.Diagnostics.Process.dll</ModulePath>
      <ModuleTime>2017-12-20T19:43:14Z</ModuleTime>
      <ModuleName>System.Diagnostics.Process</ModuleName>
      <Classes />
    </Module>
    <Module skippedDueTo="Filter" hash="11-1D-A8-A9-0E-B7-F5-02-3A-DE-28-0A-99-E7-FF-1C-E9-B7-8F-3D">
      <ModulePath>C:\Program Files\dotnet\shared\Microsoft.NETCore.App\2.0.5\System.Linq.dll</ModulePath>
      <ModuleTime>2017-12-20T19:43:16Z</ModuleTime>
      <ModuleName>System.Linq</ModuleName>
      <Classes />
    </Module>
    <Module skippedDueTo="Filter" hash="6F-7A-2A-41-67-B6-4C-69-3B-FE-12-6C-7D-F2-97-DC-18-84-9B-56">
      <ModulePath>C:\Program Files\dotnet\sdk\2.1.4\NuGet.Frameworks.dll</ModulePath>
      <ModuleTime>2017-12-21T03:00:46Z</ModuleTime>
      <ModuleName>NuGet.Frameworks</ModuleName>
      <Classes />
    </Module>
    <Module skippedDueTo="Filter" hash="43-5D-66-8B-CE-9B-43-41-1E-43-12-B7-5C-1D-C7-2C-07-CA-B5-C2">
      <ModulePath>C:\Program Files\dotnet\sdk\2.1.4\Microsoft.DotNet.Cli.CommandLine.dll</ModulePath>
      <ModuleTime>2017-12-21T03:00:50Z</ModuleTime>
      <ModuleName>Microsoft.DotNet.Cli.CommandLine</ModuleName>
      <Classes />
    </Module>
    <Module skippedDueTo="Filter" hash="CB-5D-AF-E0-6F-08-BA-B5-94-92-31-00-DC-C5-F0-3D-FA-CB-16-78">
      <ModulePath>C:\Program Files\dotnet\shared\Microsoft.NETCore.App\2.0.5\System.Console.dll</ModulePath>
      <ModuleTime>2017-12-20T19:43:14Z</ModuleTime>
      <ModuleName>System.Console</ModuleName>
      <Classes />
    </Module>
    <Module skippedDueTo="Filter" hash="66-47-DF-31-6E-C8-E8-C5-BE-E2-F2-9C-35-A4-7A-5E-CA-9C-D2-9E">
      <ModulePath>C:\Program Files\dotnet\sdk\2.1.4\Microsoft.DotNet.InternalAbstractions.dll</ModulePath>
      <ModuleTime>2017-12-21T03:00:50Z</ModuleTime>
      <ModuleName>Microsoft.DotNet.InternalAbstractions</ModuleName>
      <Classes />
    </Module>
    <Module skippedDueTo="Filter" hash="F0-22-19-B7-F6-63-1E-8A-97-BC-E3-A8-0E-86-F3-9E-06-44-E8-01">
      <ModulePath>C:\Program Files\dotnet\shared\Microsoft.NETCore.App\2.0.5\System.IO.FileSystem.Primitives.dll</ModulePath>
      <ModuleTime>2017-12-20T19:43:14Z</ModuleTime>
      <ModuleName>System.IO.FileSystem.Primitives</ModuleName>
      <Classes />
    </Module>
    <Module skippedDueTo="Filter" hash="90-08-AA-86-29-E9-ED-D6-BE-C2-B8-71-67-E3-F2-2A-B8-D7-0F-67">
      <ModulePath>C:\Program Files\dotnet\shared\Microsoft.NETCore.App\2.0.5\System.AppContext.dll</ModulePath>
      <ModuleTime>2017-12-20T19:43:14Z</ModuleTime>
      <ModuleName>System.AppContext</ModuleName>
      <Classes />
    </Module>
    <Module skippedDueTo="Filter" hash="16-8B-5C-B4-09-1A-39-6B-32-EA-F8-67-7F-7B-56-F1-65-00-CF-6C">
      <ModulePath>C:\Program Files\dotnet\shared\Microsoft.NETCore.App\2.0.5\System.IO.dll</ModulePath>
      <ModuleTime>2017-12-20T19:43:14Z</ModuleTime>
      <ModuleName>System.IO</ModuleName>
      <Classes />
    </Module>
    <Module skippedDueTo="Filter" hash="20-A8-DA-AB-DE-0F-5C-1B-25-28-68-80-29-DE-E7-7F-77-D1-60-6F">
      <ModulePath>C:\Program Files\dotnet\shared\Microsoft.NETCore.App\2.0.5\System.Text.Encoding.Extensions.dll</ModulePath>
      <ModuleTime>2017-12-20T19:43:18Z</ModuleTime>
      <ModuleName>System.Text.Encoding.Extensions</ModuleName>
      <Classes />
    </Module>
    <Module skippedDueTo="Filter" hash="9A-70-A6-50-0F-28-79-0D-1F-D8-33-79-CE-2C-B1-CC-DA-2F-9B-10">
      <ModulePath>C:\Program Files\dotnet\shared\Microsoft.NETCore.App\2.0.5\System.Runtime.Handles.dll</ModulePath>
      <ModuleTime>2017-12-20T19:43:16Z</ModuleTime>
      <ModuleName>System.Runtime.Handles</ModuleName>
      <Classes />
    </Module>
    <Module skippedDueTo="Filter" hash="B3-AC-93-5E-33-87-22-E8-1D-6C-34-05-6F-2E-16-57-AA-4A-33-6F">
      <ModulePath>C:\Program Files\dotnet\sdk\2.1.4\Microsoft.ApplicationInsights.dll</ModulePath>
      <ModuleTime>2017-12-21T03:00:44Z</ModuleTime>
      <ModuleName>Microsoft.ApplicationInsights</ModuleName>
      <Classes />
    </Module>
    <Module skippedDueTo="Filter" hash="60-90-01-7F-22-26-A1-16-2A-38-12-04-3D-D9-3D-90-D0-D0-4A-29">
      <ModulePath>C:\Program Files\dotnet\shared\Microsoft.NETCore.App\2.0.5\System.Security.Cryptography.Algorithms.dll</ModulePath>
      <ModuleTime>2017-12-20T19:43:16Z</ModuleTime>
      <ModuleName>System.Security.Cryptography.Algorithms</ModuleName>
      <Classes />
    </Module>
    <Module skippedDueTo="Filter" hash="47-5E-28-B2-AE-0D-E4-88-2D-81-90-A5-7C-CF-70-19-97-25-75-51">
      <ModulePath>C:\Program Files\dotnet\shared\Microsoft.NETCore.App\2.0.5\System.Security.Cryptography.Primitives.dll</ModulePath>
      <ModuleTime>2017-12-20T19:43:16Z</ModuleTime>
      <ModuleName>System.Security.Cryptography.Primitives</ModuleName>
      <Classes />
    </Module>
    <Module skippedDueTo="Filter" hash="F0-2A-3E-CE-48-89-A7-70-18-E7-BA-0D-82-2A-77-3B-AE-04-CE-0D">
      <ModulePath>C:\Program Files\dotnet\shared\Microsoft.NETCore.App\2.0.5\System.Xml.XDocument.dll</ModulePath>
      <ModuleTime>2017-12-20T19:43:18Z</ModuleTime>
      <ModuleName>System.Xml.XDocument</ModuleName>
      <Classes />
    </Module>
    <Module skippedDueTo="Filter" hash="0F-E5-54-36-4A-AB-17-3D-8C-8E-60-FB-2F-AD-DF-D5-89-33-3D-32">
      <ModulePath>C:\Program Files\dotnet\shared\Microsoft.NETCore.App\2.0.5\System.Private.Xml.Linq.dll</ModulePath>
      <ModuleTime>2017-12-20T19:43:16Z</ModuleTime>
      <ModuleName>System.Private.Xml.Linq</ModuleName>
      <Classes />
    </Module>
    <Module skippedDueTo="Filter" hash="35-F5-AE-30-21-12-A3-3B-04-7D-44-88-0F-99-2F-E5-EB-9A-C8-A5">
      <ModulePath>C:\Program Files\dotnet\shared\Microsoft.NETCore.App\2.0.5\System.Text.RegularExpressions.dll</ModulePath>
      <ModuleTime>2017-12-20T19:43:18Z</ModuleTime>
      <ModuleName>System.Text.RegularExpressions</ModuleName>
      <Classes />
    </Module>
    <Module skippedDueTo="Filter" hash="15-84-CE-11-DD-24-30-6C-BA-9A-E0-EA-17-33-E2-DC-4B-77-8C-A6">
      <ModulePath>C:\Program Files\dotnet\shared\Microsoft.NETCore.App\2.0.5\System.Private.Xml.dll</ModulePath>
      <ModuleTime>2017-12-20T19:43:16Z</ModuleTime>
      <ModuleName>System.Private.Xml</ModuleName>
      <Classes />
    </Module>
    <Module skippedDueTo="Filter" hash="3A-5B-10-CD-6F-9C-A6-09-E7-EB-30-7C-FA-E0-3E-E6-D8-AE-D2-AE">
      <ModulePath>C:\Program Files\dotnet\shared\Microsoft.NETCore.App\2.0.5\System.Xml.ReaderWriter.dll</ModulePath>
      <ModuleTime>2017-12-20T19:43:18Z</ModuleTime>
      <ModuleName>System.Xml.ReaderWriter</ModuleName>
      <Classes />
    </Module>
    <Module skippedDueTo="Filter" hash="93-6F-E7-9E-71-4C-2E-6B-3D-36-8A-37-76-77-D8-66-84-44-B2-15">
      <ModulePath>C:\Program Files\dotnet\shared\Microsoft.NETCore.App\2.0.5\System.Diagnostics.Tracing.dll</ModulePath>
      <ModuleTime>2017-12-20T19:43:14Z</ModuleTime>
      <ModuleName>System.Diagnostics.Tracing</ModuleName>
      <Classes />
    </Module>
    <Module skippedDueTo="Filter" hash="63-9F-D2-08-25-C0-01-C1-35-4A-0E-AC-D8-A9-2B-84-82-52-B0-5C">
      <ModulePath>C:\Program Files\dotnet\shared\Microsoft.NETCore.App\2.0.5\System.Private.Uri.dll</ModulePath>
      <ModuleTime>2017-12-20T19:43:16Z</ModuleTime>
      <ModuleName>System.Private.Uri</ModuleName>
      <Classes />
    </Module>
    <Module skippedDueTo="Filter" hash="8A-C1-C1-60-CF-62-87-A7-80-01-01-C3-2D-DD-BB-15-43-80-F8-80">
      <ModulePath>C:\Program Files\dotnet\shared\Microsoft.NETCore.App\2.0.5\System.Threading.Tasks.dll</ModulePath>
      <ModuleTime>2017-12-20T19:43:18Z</ModuleTime>
      <ModuleName>System.Threading.Tasks</ModuleName>
      <Classes />
    </Module>
    <Module skippedDueTo="Filter" hash="16-A3-A2-20-FF-D0-10-40-9D-3F-07-7F-3D-B1-23-42-5F-91-7C-7F">
      <ModulePath>C:\Program Files\dotnet\shared\Microsoft.NETCore.App\2.0.5\System.Resources.ResourceManager.dll</ModulePath>
      <ModuleTime>2017-12-20T19:43:16Z</ModuleTime>
      <ModuleName>System.Resources.ResourceManager</ModuleName>
      <Classes />
    </Module>
    <Module skippedDueTo="Filter" hash="27-FF-EA-22-FA-1B-89-4C-8C-CB-93-D8-4D-E5-1F-34-F6-8A-6B-CE">
      <ModulePath>C:\Program Files\dotnet\shared\Microsoft.NETCore.App\2.0.5\System.Globalization.dll</ModulePath>
      <ModuleTime>2017-12-20T19:43:14Z</ModuleTime>
      <ModuleName>System.Globalization</ModuleName>
      <Classes />
    </Module>
    <Module skippedDueTo="Filter" hash="80-89-49-93-1B-92-6F-A7-B8-49-15-50-6C-10-DB-08-8B-F6-A2-7F">
      <ModulePath>C:\Program Files\dotnet\shared\Microsoft.NETCore.App\2.0.5\System.Diagnostics.Tools.dll</ModulePath>
      <ModuleTime>2017-12-20T19:43:14Z</ModuleTime>
      <ModuleName>System.Diagnostics.Tools</ModuleName>
      <Classes />
    </Module>
    <Module skippedDueTo="Filter" hash="2B-4B-FF-53-BE-DA-8C-8A-3F-0B-3A-49-A9-67-38-AA-90-56-FA-18">
      <ModulePath>C:\Program Files\dotnet\sdk\2.1.4\Microsoft.Build.Utilities.Core.dll</ModulePath>
      <ModuleTime>2017-12-21T03:00:50Z</ModuleTime>
      <ModuleName>Microsoft.Build.Utilities.Core</ModuleName>
      <Classes />
    </Module>
    <Module skippedDueTo="Filter" hash="CA-1B-FC-39-C3-F9-20-F9-C4-3A-CC-71-8E-61-2F-16-22-99-93-28">
      <ModulePath>C:\Program Files\dotnet\sdk\2.1.4\Microsoft.Build.Framework.dll</ModulePath>
      <ModuleTime>2017-12-21T03:00:50Z</ModuleTime>
      <ModuleName>Microsoft.Build.Framework</ModuleName>
      <Classes />
    </Module>
    <Module skippedDueTo="Filter" hash="D9-7F-DA-4C-A6-F9-66-9D-7C-99-6A-18-05-86-52-E9-60-8D-0B-5D">
      <ModulePath>C:\Program Files\dotnet\shared\Microsoft.NETCore.App\2.0.5\System.Reflection.TypeExtensions.dll</ModulePath>
      <ModuleTime>2017-12-20T19:43:16Z</ModuleTime>
      <ModuleName>System.Reflection.TypeExtensions</ModuleName>
      <Classes />
    </Module>
    <Module skippedDueTo="Filter" hash="09-C8-71-E7-F6-68-C3-70-8C-E9-4A-97-5C-91-E8-8C-68-4F-BD-67">
      <ModulePath>C:\Program Files\dotnet\shared\Microsoft.NETCore.App\2.0.5\System.ComponentModel.Primitives.dll</ModulePath>
      <ModuleTime>2017-12-20T19:43:14Z</ModuleTime>
      <ModuleName>System.ComponentModel.Primitives</ModuleName>
      <Classes />
    </Module>
    <Module skippedDueTo="Filter" hash="B0-2D-50-81-B2-E4-8F-1F-DD-64-EA-16-5C-E2-85-D2-C6-9F-C1-DA">
      <ModulePath>C:\Program Files\dotnet\shared\Microsoft.NETCore.App\2.0.5\Microsoft.Win32.Primitives.dll</ModulePath>
      <ModuleTime>2017-12-20T19:43:14Z</ModuleTime>
      <ModuleName>Microsoft.Win32.Primitives</ModuleName>
      <Classes />
    </Module>
    <Module skippedDueTo="Filter" hash="83-4E-45-08-D9-46-CD-BA-0B-6A-F1-CE-46-49-B1-9B-9F-78-A4-6C">
      <ModulePath>C:\Program Files\dotnet\shared\Microsoft.NETCore.App\2.0.5\System.Diagnostics.Debug.dll</ModulePath>
      <ModuleTime>2017-12-20T19:43:14Z</ModuleTime>
      <ModuleName>System.Diagnostics.Debug</ModuleName>
      <Classes />
    </Module>
    <Module skippedDueTo="Filter" hash="CF-0F-2E-6F-9B-B7-12-11-98-69-F1-49-21-8B-35-D1-75-E5-25-65">
      <ModulePath>C:\Program Files\dotnet\shared\Microsoft.NETCore.App\2.0.5\System.IO.Compression.dll</ModulePath>
      <ModuleTime>2017-12-20T19:43:14Z</ModuleTime>
      <ModuleName>System.IO.Compression</ModuleName>
      <Classes />
    </Module>
    <Module skippedDueTo="Filter" hash="F7-33-16-81-3D-87-54-05-5E-D8-A2-98-44-D5-DB-0C-A0-29-71-38">
      <ModulePath>C:\Program Files\dotnet\shared\Microsoft.NETCore.App\2.0.5\System.Buffers.dll</ModulePath>
      <ModuleTime>2017-12-20T19:43:14Z</ModuleTime>
      <ModuleName>System.Buffers</ModuleName>
      <Classes />
    </Module>
    <Module skippedDueTo="Filter" hash="59-79-BF-C6-55-95-25-23-9C-DD-24-DA-96-B7-62-16-22-49-2F-D4">
      <ModulePath>C:\Program Files\dotnet\shared\Microsoft.NETCore.App\2.0.5\System.Net.Http.dll</ModulePath>
      <ModuleTime>2017-12-20T19:43:16Z</ModuleTime>
      <ModuleName>System.Net.Http</ModuleName>
      <Classes />
    </Module>
    <Module skippedDueTo="Filter" hash="BC-C8-59-55-D4-A5-E8-D3-F8-01-77-2F-30-AC-25-F1-41-F7-A9-CB">
      <ModulePath>C:\Program Files\dotnet\shared\Microsoft.NETCore.App\2.0.5\System.Net.Primitives.dll</ModulePath>
      <ModuleTime>2017-12-20T19:43:16Z</ModuleTime>
      <ModuleName>System.Net.Primitives</ModuleName>
      <Classes />
    </Module>
    <Module skippedDueTo="Filter" hash="1A-70-99-28-23-C7-02-29-07-AA-AF-B2-FD-30-AF-B6-57-D3-C7-33">
      <ModulePath>C:\Program Files\dotnet\shared\Microsoft.NETCore.App\2.0.5\System.Diagnostics.DiagnosticSource.dll</ModulePath>
      <ModuleTime>2017-12-20T19:43:14Z</ModuleTime>
      <ModuleName>System.Diagnostics.DiagnosticSource</ModuleName>
      <Classes />
    </Module>
    <Module skippedDueTo="Filter" hash="42-A3-C1-B6-BD-30-D8-AB-64-EF-2E-1C-B1-4B-4F-B8-AB-37-70-9B">
      <ModulePath>C:\Program Files\dotnet\shared\Microsoft.NETCore.App\2.0.5\System.Security.Cryptography.X509Certificates.dll</ModulePath>
      <ModuleTime>2017-12-20T19:43:16Z</ModuleTime>
      <ModuleName>System.Security.Cryptography.X509Certificates</ModuleName>
      <Classes />
    </Module>
    <Module skippedDueTo="Filter" hash="31-3F-28-D7-F6-F8-07-E2-5B-6C-5B-9A-4D-62-A4-8E-04-C7-6A-70">
      <ModulePath>C:\Program Files\dotnet\shared\Microsoft.NETCore.App\2.0.5\System.Collections.NonGeneric.dll</ModulePath>
      <ModuleTime>2017-12-20T19:43:14Z</ModuleTime>
      <ModuleName>System.Collections.NonGeneric</ModuleName>
      <Classes />
    </Module>
    <Module skippedDueTo="Filter" hash="6B-FD-F4-02-2D-A1-32-9E-EE-D5-BD-34-EB-7B-26-DE-57-19-B5-DE">
      <ModulePath>C:\Program Files\dotnet\shared\Microsoft.NETCore.App\2.0.5\System.Private.CoreLib.dll</ModulePath>
      <ModuleTime>2017-12-20T19:43:18Z</ModuleTime>
      <ModuleName>System.Private.CoreLib</ModuleName>
      <Classes />
    </Module>
    <Module skippedDueTo="Filter" hash="62-9A-16-44-FF-A1-86-2D-16-01-39-85-79-BF-1F-FE-2F-B2-82-D0">
      <ModulePath>C:\Program Files\dotnet\sdk\2.1.4\MSBuild.dll</ModulePath>
      <ModuleTime>2017-12-21T03:00:32Z</ModuleTime>
      <ModuleName>MSBuild</ModuleName>
      <Classes />
    </Module>
    <Module skippedDueTo="Filter" hash="41-1F-8E-E9-67-29-F0-15-6D-EB-92-86-91-0B-7E-88-1E-12-8D-0C">
      <ModulePath>C:\Program Files\dotnet\shared\Microsoft.NETCore.App\2.0.5\System.Runtime.dll</ModulePath>
      <ModuleTime>2017-12-20T19:43:16Z</ModuleTime>
      <ModuleName>System.Runtime</ModuleName>
      <Classes />
    </Module>
    <Module skippedDueTo="Filter" hash="39-20-64-84-D7-D0-5A-A6-43-87-E7-0D-7F-9A-8C-6B-51-C9-F5-E9">
      <ModulePath>C:\Program Files\dotnet\shared\Microsoft.NETCore.App\2.0.5\System.Runtime.Extensions.dll</ModulePath>
      <ModuleTime>2017-12-20T19:43:16Z</ModuleTime>
      <ModuleName>System.Runtime.Extensions</ModuleName>
      <Classes />
    </Module>
    <Module skippedDueTo="Filter" hash="E6-F9-D6-79-C9-63-36-8C-A9-C1-04-E0-B6-50-AA-09-5B-ED-80-1B">
      <ModulePath>C:\Program Files\dotnet\shared\Microsoft.NETCore.App\2.0.5\System.Threading.dll</ModulePath>
      <ModuleTime>2017-12-20T19:43:18Z</ModuleTime>
      <ModuleName>System.Threading</ModuleName>
      <Classes />
    </Module>
    <Module skippedDueTo="Filter" hash="57-51-2E-09-50-36-05-C8-F5-3A-5E-09-66-60-1C-C9-B9-9B-16-04">
      <ModulePath>C:\Program Files\dotnet\shared\Microsoft.NETCore.App\2.0.5\System.Reflection.dll</ModulePath>
      <ModuleTime>2017-12-20T19:43:16Z</ModuleTime>
      <ModuleName>System.Reflection</ModuleName>
      <Classes />
    </Module>
    <Module skippedDueTo="Filter" hash="D9-7F-DA-4C-A6-F9-66-9D-7C-99-6A-18-05-86-52-E9-60-8D-0B-5D">
      <ModulePath>C:\Program Files\dotnet\shared\Microsoft.NETCore.App\2.0.5\System.Reflection.TypeExtensions.dll</ModulePath>
      <ModuleTime>2017-12-20T19:43:16Z</ModuleTime>
      <ModuleName>System.Reflection.TypeExtensions</ModuleName>
      <Classes />
    </Module>
    <Module skippedDueTo="Filter" hash="27-FF-EA-22-FA-1B-89-4C-8C-CB-93-D8-4D-E5-1F-34-F6-8A-6B-CE">
      <ModulePath>C:\Program Files\dotnet\shared\Microsoft.NETCore.App\2.0.5\System.Globalization.dll</ModulePath>
      <ModuleTime>2017-12-20T19:43:14Z</ModuleTime>
      <ModuleName>System.Globalization</ModuleName>
      <Classes />
    </Module>
    <Module skippedDueTo="Filter" hash="62-96-BF-2C-F9-33-5D-7F-8C-13-D2-55-CA-DA-99-3C-FF-CE-25-63">
      <ModulePath>C:\Program Files\dotnet\shared\Microsoft.NETCore.App\2.0.5\System.IO.FileSystem.dll</ModulePath>
      <ModuleTime>2017-12-20T19:43:14Z</ModuleTime>
      <ModuleName>System.IO.FileSystem</ModuleName>
      <Classes />
    </Module>
    <Module skippedDueTo="Filter" hash="11-1D-A8-A9-0E-B7-F5-02-3A-DE-28-0A-99-E7-FF-1C-E9-B7-8F-3D">
      <ModulePath>C:\Program Files\dotnet\shared\Microsoft.NETCore.App\2.0.5\System.Linq.dll</ModulePath>
      <ModuleTime>2017-12-20T19:43:16Z</ModuleTime>
      <ModuleName>System.Linq</ModuleName>
      <Classes />
    </Module>
    <Module skippedDueTo="Filter" hash="35-F5-AE-30-21-12-A3-3B-04-7D-44-88-0F-99-2F-E5-EB-9A-C8-A5">
      <ModulePath>C:\Program Files\dotnet\shared\Microsoft.NETCore.App\2.0.5\System.Text.RegularExpressions.dll</ModulePath>
      <ModuleTime>2017-12-20T19:43:18Z</ModuleTime>
      <ModuleName>System.Text.RegularExpressions</ModuleName>
      <Classes />
    </Module>
    <Module skippedDueTo="Filter" hash="EB-D5-85-1D-63-0E-26-A0-A2-87-8B-C7-75-30-5F-1B-02-57-65-64">
      <ModulePath>C:\Program Files\dotnet\shared\Microsoft.NETCore.App\2.0.5\System.Runtime.InteropServices.RuntimeInformation.dll</ModulePath>
      <ModuleTime>2017-12-20T19:43:16Z</ModuleTime>
      <ModuleName>System.Runtime.InteropServices.RuntimeInformation</ModuleName>
      <Classes />
    </Module>
    <Module skippedDueTo="Filter" hash="CD-27-4E-FD-67-2D-90-A9-46-6A-BC-AE-CC-0D-1A-35-51-BA-78-D1">
      <ModulePath>C:\Program Files\dotnet\shared\Microsoft.NETCore.App\2.0.5\System.Collections.dll</ModulePath>
      <ModuleTime>2017-12-20T19:43:14Z</ModuleTime>
      <ModuleName>System.Collections</ModuleName>
      <Classes />
    </Module>
    <Module skippedDueTo="Filter" hash="B5-05-9F-47-D9-B8-DC-49-D5-D5-06-B6-30-3D-DB-39-94-F8-25-1B">
      <ModulePath>C:\Program Files\dotnet\shared\Microsoft.NETCore.App\2.0.5\System.Runtime.InteropServices.dll</ModulePath>
      <ModuleTime>2017-12-20T19:43:16Z</ModuleTime>
      <ModuleName>System.Runtime.InteropServices</ModuleName>
      <Classes />
    </Module>
    <Module skippedDueTo="Filter" hash="CB-5D-AF-E0-6F-08-BA-B5-94-92-31-00-DC-C5-F0-3D-FA-CB-16-78">
      <ModulePath>C:\Program Files\dotnet\shared\Microsoft.NETCore.App\2.0.5\System.Console.dll</ModulePath>
      <ModuleTime>2017-12-20T19:43:14Z</ModuleTime>
      <ModuleName>System.Console</ModuleName>
      <Classes />
    </Module>
    <Module skippedDueTo="Filter" hash="51-C2-8E-5D-FC-F3-88-D1-CD-DE-BB-6D-74-11-AD-D9-4B-1D-A6-88">
      <ModulePath>C:\Program Files\dotnet\shared\Microsoft.NETCore.App\2.0.5\System.Diagnostics.Process.dll</ModulePath>
      <ModuleTime>2017-12-20T19:43:14Z</ModuleTime>
      <ModuleName>System.Diagnostics.Process</ModuleName>
      <Classes />
    </Module>
    <Module skippedDueTo="Filter" hash="09-C8-71-E7-F6-68-C3-70-8C-E9-4A-97-5C-91-E8-8C-68-4F-BD-67">
      <ModulePath>C:\Program Files\dotnet\shared\Microsoft.NETCore.App\2.0.5\System.ComponentModel.Primitives.dll</ModulePath>
      <ModuleTime>2017-12-20T19:43:14Z</ModuleTime>
      <ModuleName>System.ComponentModel.Primitives</ModuleName>
      <Classes />
    </Module>
    <Module skippedDueTo="Filter" hash="CA-1B-FC-39-C3-F9-20-F9-C4-3A-CC-71-8E-61-2F-16-22-99-93-28">
      <ModulePath>C:\Program Files\dotnet\sdk\2.1.4\Microsoft.Build.Framework.dll</ModulePath>
      <ModuleTime>2017-12-21T03:00:50Z</ModuleTime>
      <ModuleName>Microsoft.Build.Framework</ModuleName>
      <Classes />
    </Module>
    <Module skippedDueTo="Filter" hash="16-8B-5C-B4-09-1A-39-6B-32-EA-F8-67-7F-7B-56-F1-65-00-CF-6C">
      <ModulePath>C:\Program Files\dotnet\shared\Microsoft.NETCore.App\2.0.5\System.IO.dll</ModulePath>
      <ModuleTime>2017-12-20T19:43:14Z</ModuleTime>
      <ModuleName>System.IO</ModuleName>
      <Classes />
    </Module>
    <Module skippedDueTo="Filter" hash="7F-D2-C6-01-E4-DE-2D-A7-7A-15-8A-3B-F7-8B-6A-CF-96-9A-60-0D">
      <ModulePath>C:\Program Files\dotnet\sdk\2.1.4\Microsoft.Build.dll</ModulePath>
      <ModuleTime>2017-12-21T03:00:50Z</ModuleTime>
      <ModuleName>Microsoft.Build</ModuleName>
      <Classes />
    </Module>
    <Module skippedDueTo="Filter" hash="F8-C0-09-E4-C4-A9-D4-23-BC-01-DC-E9-80-46-7B-6F-2D-87-AC-6B">
      <ModulePath>C:\Program Files\dotnet\sdk\2.1.4\runtimes\win\lib\netstandard1.3\System.Text.Encoding.CodePages.dll</ModulePath>
      <ModuleTime>2017-12-21T03:00:20Z</ModuleTime>
      <ModuleName>System.Text.Encoding.CodePages</ModuleName>
      <Classes />
    </Module>
    <Module skippedDueTo="Filter" hash="86-38-1F-10-F9-45-4E-1D-E5-CD-9A-E3-1B-A2-C8-15-BC-7F-8D-A8">
      <ModulePath>C:\Program Files\dotnet\shared\Microsoft.NETCore.App\2.0.5\System.Text.Encoding.dll</ModulePath>
      <ModuleTime>2017-12-20T19:43:18Z</ModuleTime>
      <ModuleName>System.Text.Encoding</ModuleName>
      <Classes />
    </Module>
    <Module skippedDueTo="Filter" hash="31-3F-28-D7-F6-F8-07-E2-5B-6C-5B-9A-4D-62-A4-8E-04-C7-6A-70">
      <ModulePath>C:\Program Files\dotnet\shared\Microsoft.NETCore.App\2.0.5\System.Collections.NonGeneric.dll</ModulePath>
      <ModuleTime>2017-12-20T19:43:14Z</ModuleTime>
      <ModuleName>System.Collections.NonGeneric</ModuleName>
      <Classes />
    </Module>
    <Module skippedDueTo="Filter" hash="82-95-DE-D4-D6-42-93-7A-86-68-E5-8F-AF-86-43-C2-89-C3-DE-4E">
      <ModulePath>C:\Program Files\dotnet\shared\Microsoft.NETCore.App\2.0.5\System.Collections.Concurrent.dll</ModulePath>
      <ModuleTime>2017-12-20T19:43:14Z</ModuleTime>
      <ModuleName>System.Collections.Concurrent</ModuleName>
      <Classes />
    </Module>
    <Module skippedDueTo="Filter" hash="05-CA-33-B6-B6-A2-E6-51-94-A6-A1-3A-E4-89-E3-1D-16-80-6E-1F">
      <ModulePath>C:\Program Files\dotnet\sdk\2.1.4\dotnet.dll</ModulePath>
      <ModuleTime>2017-12-21T03:01:56Z</ModuleTime>
      <ModuleName>dotnet</ModuleName>
      <Classes />
    </Module>
    <Module skippedDueTo="Filter" hash="2B-4B-FF-53-BE-DA-8C-8A-3F-0B-3A-49-A9-67-38-AA-90-56-FA-18">
      <ModulePath>C:\Program Files\dotnet\sdk\2.1.4\Microsoft.Build.Utilities.Core.dll</ModulePath>
      <ModuleTime>2017-12-21T03:00:50Z</ModuleTime>
      <ModuleName>Microsoft.Build.Utilities.Core</ModuleName>
      <Classes />
    </Module>
    <Module skippedDueTo="Filter" hash="8C-DE-36-C4-DE-C0-7F-32-31-04-38-22-0F-6D-54-93-CC-12-65-7F">
      <ModulePath>C:\Program Files\dotnet\sdk\2.1.4\Microsoft.DotNet.Tools.MigrateCommand.dll</ModulePath>
      <ModuleTime>2017-12-21T03:00:50Z</ModuleTime>
      <ModuleName>Microsoft.DotNet.Tools.MigrateCommand</ModuleName>
      <Classes />
    </Module>
    <Module skippedDueTo="Filter" hash="DC-BB-A6-A1-EA-28-DC-8D-8C-28-8A-4A-A8-86-22-C2-B9-B1-8A-DD">
      <ModulePath>C:\Program Files\dotnet\sdk\2.1.4\Microsoft.DotNet.Cli.Utils.dll</ModulePath>
      <ModuleTime>2017-12-21T03:00:50Z</ModuleTime>
      <ModuleName>Microsoft.DotNet.Cli.Utils</ModuleName>
      <Classes />
    </Module>
    <Module skippedDueTo="Filter" hash="6F-7A-2A-41-67-B6-4C-69-3B-FE-12-6C-7D-F2-97-DC-18-84-9B-56">
      <ModulePath>C:\Program Files\dotnet\sdk\2.1.4\NuGet.Frameworks.dll</ModulePath>
      <ModuleTime>2017-12-21T03:00:46Z</ModuleTime>
      <ModuleName>NuGet.Frameworks</ModuleName>
      <Classes />
    </Module>
    <Module skippedDueTo="Filter" hash="63-FD-C6-E8-DB-A7-8A-8E-25-84-B8-B0-B6-62-FF-9D-E2-7E-B9-D0">
      <ModulePath>C:\Program Files\dotnet\shared\Microsoft.NETCore.App\2.0.5\System.Reflection.Extensions.dll</ModulePath>
      <ModuleTime>2017-12-20T19:43:16Z</ModuleTime>
      <ModuleName>System.Reflection.Extensions</ModuleName>
      <Classes />
    </Module>
    <Module skippedDueTo="Filter" hash="01-E3-3F-04-6D-FA-DF-23-89-7C-DA-01-CF-F6-42-AA-64-65-18-30">
      <ModulePath>C:\Program Files\dotnet\sdk\2.1.4\Microsoft.DotNet.Configurer.dll</ModulePath>
      <ModuleTime>2017-12-21T03:00:50Z</ModuleTime>
      <ModuleName>Microsoft.DotNet.Configurer</ModuleName>
      <Classes />
    </Module>
    <Module skippedDueTo="Filter" hash="66-47-DF-31-6E-C8-E8-C5-BE-E2-F2-9C-35-A4-7A-5E-CA-9C-D2-9E">
      <ModulePath>C:\Program Files\dotnet\sdk\2.1.4\Microsoft.DotNet.InternalAbstractions.dll</ModulePath>
      <ModuleTime>2017-12-21T03:00:50Z</ModuleTime>
      <ModuleName>Microsoft.DotNet.InternalAbstractions</ModuleName>
      <Classes />
    </Module>
    <Module skippedDueTo="Filter" hash="F0-22-19-B7-F6-63-1E-8A-97-BC-E3-A8-0E-86-F3-9E-06-44-E8-01">
      <ModulePath>C:\Program Files\dotnet\shared\Microsoft.NETCore.App\2.0.5\System.IO.FileSystem.Primitives.dll</ModulePath>
      <ModuleTime>2017-12-20T19:43:14Z</ModuleTime>
      <ModuleName>System.IO.FileSystem.Primitives</ModuleName>
      <Classes />
    </Module>
    <Module skippedDueTo="Filter" hash="20-A8-DA-AB-DE-0F-5C-1B-25-28-68-80-29-DE-E7-7F-77-D1-60-6F">
      <ModulePath>C:\Program Files\dotnet\shared\Microsoft.NETCore.App\2.0.5\System.Text.Encoding.Extensions.dll</ModulePath>
      <ModuleTime>2017-12-20T19:43:18Z</ModuleTime>
      <ModuleName>System.Text.Encoding.Extensions</ModuleName>
      <Classes />
    </Module>
    <Module skippedDueTo="Filter" hash="B3-AC-93-5E-33-87-22-E8-1D-6C-34-05-6F-2E-16-57-AA-4A-33-6F">
      <ModulePath>C:\Program Files\dotnet\sdk\2.1.4\Microsoft.ApplicationInsights.dll</ModulePath>
      <ModuleTime>2017-12-21T03:00:44Z</ModuleTime>
      <ModuleName>Microsoft.ApplicationInsights</ModuleName>
      <Classes />
    </Module>
    <Module skippedDueTo="Filter" hash="6D-56-C5-17-8B-4A-90-00-7C-75-14-27-E1-65-51-4D-F8-11-BC-43">
      <ModulePath>C:\Program Files\dotnet\sdk\2.1.4\Microsoft.DotNet.PlatformAbstractions.dll</ModulePath>
      <ModuleTime>2017-12-21T03:00:50Z</ModuleTime>
      <ModuleName>Microsoft.DotNet.PlatformAbstractions</ModuleName>
      <Classes />
    </Module>
    <Module skippedDueTo="Filter" hash="F0-2A-3E-CE-48-89-A7-70-18-E7-BA-0D-82-2A-77-3B-AE-04-CE-0D">
      <ModulePath>C:\Program Files\dotnet\shared\Microsoft.NETCore.App\2.0.5\System.Xml.XDocument.dll</ModulePath>
      <ModuleTime>2017-12-20T19:43:18Z</ModuleTime>
      <ModuleName>System.Xml.XDocument</ModuleName>
      <Classes />
    </Module>
    <Module skippedDueTo="Filter" hash="0F-E5-54-36-4A-AB-17-3D-8C-8E-60-FB-2F-AD-DF-D5-89-33-3D-32">
      <ModulePath>C:\Program Files\dotnet\shared\Microsoft.NETCore.App\2.0.5\System.Private.Xml.Linq.dll</ModulePath>
      <ModuleTime>2017-12-20T19:43:16Z</ModuleTime>
      <ModuleName>System.Private.Xml.Linq</ModuleName>
      <Classes />
    </Module>
    <Module skippedDueTo="Filter" hash="9A-70-A6-50-0F-28-79-0D-1F-D8-33-79-CE-2C-B1-CC-DA-2F-9B-10">
      <ModulePath>C:\Program Files\dotnet\shared\Microsoft.NETCore.App\2.0.5\System.Runtime.Handles.dll</ModulePath>
      <ModuleTime>2017-12-20T19:43:16Z</ModuleTime>
      <ModuleName>System.Runtime.Handles</ModuleName>
      <Classes />
    </Module>
    <Module skippedDueTo="Filter" hash="15-84-CE-11-DD-24-30-6C-BA-9A-E0-EA-17-33-E2-DC-4B-77-8C-A6">
      <ModulePath>C:\Program Files\dotnet\shared\Microsoft.NETCore.App\2.0.5\System.Private.Xml.dll</ModulePath>
      <ModuleTime>2017-12-20T19:43:16Z</ModuleTime>
      <ModuleName>System.Private.Xml</ModuleName>
      <Classes />
    </Module>
    <Module skippedDueTo="Filter" hash="3A-5B-10-CD-6F-9C-A6-09-E7-EB-30-7C-FA-E0-3E-E6-D8-AE-D2-AE">
      <ModulePath>C:\Program Files\dotnet\shared\Microsoft.NETCore.App\2.0.5\System.Xml.ReaderWriter.dll</ModulePath>
      <ModuleTime>2017-12-20T19:43:18Z</ModuleTime>
      <ModuleName>System.Xml.ReaderWriter</ModuleName>
      <Classes />
    </Module>
    <Module skippedDueTo="Filter" hash="93-6F-E7-9E-71-4C-2E-6B-3D-36-8A-37-76-77-D8-66-84-44-B2-15">
      <ModulePath>C:\Program Files\dotnet\shared\Microsoft.NETCore.App\2.0.5\System.Diagnostics.Tracing.dll</ModulePath>
      <ModuleTime>2017-12-20T19:43:14Z</ModuleTime>
      <ModuleName>System.Diagnostics.Tracing</ModuleName>
      <Classes />
    </Module>
    <Module skippedDueTo="Filter" hash="63-9F-D2-08-25-C0-01-C1-35-4A-0E-AC-D8-A9-2B-84-82-52-B0-5C">
      <ModulePath>C:\Program Files\dotnet\shared\Microsoft.NETCore.App\2.0.5\System.Private.Uri.dll</ModulePath>
      <ModuleTime>2017-12-20T19:43:16Z</ModuleTime>
      <ModuleName>System.Private.Uri</ModuleName>
      <Classes />
    </Module>
    <Module skippedDueTo="Filter" hash="8A-C1-C1-60-CF-62-87-A7-80-01-01-C3-2D-DD-BB-15-43-80-F8-80">
      <ModulePath>C:\Program Files\dotnet\shared\Microsoft.NETCore.App\2.0.5\System.Threading.Tasks.dll</ModulePath>
      <ModuleTime>2017-12-20T19:43:18Z</ModuleTime>
      <ModuleName>System.Threading.Tasks</ModuleName>
      <Classes />
    </Module>
    <Module skippedDueTo="Filter" hash="36-18-90-38-AF-FF-9C-6F-4A-19-8E-15-21-40-35-4F-9F-F0-D8-0E">
      <ModulePath>C:\Program Files\dotnet\shared\Microsoft.NETCore.App\2.0.5\System.Threading.Tasks.Dataflow.dll</ModulePath>
      <ModuleTime>2017-12-20T19:43:18Z</ModuleTime>
      <ModuleName>System.Threading.Tasks.Dataflow</ModuleName>
      <Classes />
    </Module>
    <Module skippedDueTo="Filter" hash="5E-29-2B-37-FE-34-E8-DE-17-B6-19-AD-3F-39-2B-5A-90-6A-3A-12">
      <ModulePath>C:\Program Files\dotnet\shared\Microsoft.NETCore.App\2.0.5\netstandard.dll</ModulePath>
      <ModuleTime>2017-12-20T19:43:18Z</ModuleTime>
      <ModuleName>netstandard</ModuleName>
      <Classes />
    </Module>
    <Module skippedDueTo="Filter" hash="60-90-01-7F-22-26-A1-16-2A-38-12-04-3D-D9-3D-90-D0-D0-4A-29">
      <ModulePath>C:\Program Files\dotnet\shared\Microsoft.NETCore.App\2.0.5\System.Security.Cryptography.Algorithms.dll</ModulePath>
      <ModuleTime>2017-12-20T19:43:16Z</ModuleTime>
      <ModuleName>System.Security.Cryptography.Algorithms</ModuleName>
      <Classes />
    </Module>
    <Module skippedDueTo="Filter" hash="47-5E-28-B2-AE-0D-E4-88-2D-81-90-A5-7C-CF-70-19-97-25-75-51">
      <ModulePath>C:\Program Files\dotnet\shared\Microsoft.NETCore.App\2.0.5\System.Security.Cryptography.Primitives.dll</ModulePath>
      <ModuleTime>2017-12-20T19:43:16Z</ModuleTime>
      <ModuleName>System.Security.Cryptography.Primitives</ModuleName>
      <Classes />
    </Module>
    <Module skippedDueTo="Filter" hash="16-A3-A2-20-FF-D0-10-40-9D-3F-07-7F-3D-B1-23-42-5F-91-7C-7F">
      <ModulePath>C:\Program Files\dotnet\shared\Microsoft.NETCore.App\2.0.5\System.Resources.ResourceManager.dll</ModulePath>
      <ModuleTime>2017-12-20T19:43:16Z</ModuleTime>
      <ModuleName>System.Resources.ResourceManager</ModuleName>
      <Classes />
    </Module>
    <Module skippedDueTo="Filter" hash="56-11-B7-4C-4D-A0-46-2B-4B-36-79-ED-1F-A0-C9-09-52-16-63-47">
      <ModulePath>C:\Program Files\dotnet\shared\Microsoft.NETCore.App\2.0.5\System.ObjectModel.dll</ModulePath>
      <ModuleTime>2017-12-20T19:43:16Z</ModuleTime>
      <ModuleName>System.ObjectModel</ModuleName>
      <Classes />
    </Module>
    <Module skippedDueTo="Filter" hash="E0-CA-FD-F0-0C-6E-52-39-7A-EF-F1-48-E0-CD-C2-9D-E5-79-E6-78">
      <ModulePath>C:\Program Files\dotnet\shared\Microsoft.NETCore.App\2.0.5\System.Threading.Thread.dll</ModulePath>
      <ModuleTime>2017-12-20T19:43:18Z</ModuleTime>
      <ModuleName>System.Threading.Thread</ModuleName>
      <Classes />
    </Module>
    <Module skippedDueTo="Filter" hash="8E-F1-C5-CB-FA-53-02-66-36-2E-9B-66-DF-41-38-01-35-FD-71-2D">
      <ModulePath>C:\Program Files\dotnet\shared\Microsoft.NETCore.App\2.0.5\System.Xml.XmlDocument.dll</ModulePath>
      <ModuleTime>2017-12-20T19:43:18Z</ModuleTime>
      <ModuleName>System.Xml.XmlDocument</ModuleName>
      <Classes />
    </Module>
    <Module skippedDueTo="Filter" hash="97-40-56-27-AF-A6-21-E7-6D-03-81-75-9F-9E-17-23-DC-84-7E-D1">
      <ModulePath>C:\Program Files\dotnet\shared\Microsoft.NETCore.App\2.0.5\System.Diagnostics.TraceSource.dll</ModulePath>
      <ModuleTime>2017-12-20T19:43:14Z</ModuleTime>
      <ModuleName>System.Diagnostics.TraceSource</ModuleName>
      <Classes />
    </Module>
    <Module skippedDueTo="Filter" hash="F9-45-DE-00-A8-2B-35-9F-C0-DA-2E-57-3E-48-42-F4-BD-43-6C-C7">
      <ModulePath>C:\Program Files\dotnet\shared\Microsoft.NETCore.App\2.0.5\System.Diagnostics.FileVersionInfo.dll</ModulePath>
      <ModuleTime>2017-12-20T19:43:14Z</ModuleTime>
      <ModuleName>System.Diagnostics.FileVersionInfo</ModuleName>
      <Classes />
    </Module>
    <Module skippedDueTo="Filter" hash="6A-66-01-46-FC-61-B5-39-4F-D6-F0-74-63-5B-B3-72-86-E5-DA-46">
      <ModulePath>C:\Program Files\dotnet\shared\Microsoft.NETCore.App\2.0.5\System.Collections.Immutable.dll</ModulePath>
      <ModuleTime>2017-12-20T19:43:14Z</ModuleTime>
      <ModuleName>System.Collections.Immutable</ModuleName>
      <Classes />
    </Module>
    <Module skippedDueTo="Filter" hash="97-3E-65-BD-68-91-20-12-B1-10-45-13-DA-F3-BB-95-AA-24-82-B2">
      <ModulePath>C:\Program Files\dotnet\shared\Microsoft.NETCore.App\2.0.5\System.Reflection.Primitives.dll</ModulePath>
      <ModuleTime>2017-12-20T19:43:16Z</ModuleTime>
      <ModuleName>System.Reflection.Primitives</ModuleName>
      <Classes />
    </Module>
    <Module skippedDueTo="Filter" hash="87-54-ED-76-7A-BD-5B-3D-F9-EE-1A-91-BC-73-06-46-AD-EF-D2-9E">
      <ModulePath>C:\Program Files\dotnet\shared\Microsoft.NETCore.App\2.0.5\System.Threading.Tasks.Parallel.dll</ModulePath>
      <ModuleTime>2017-12-20T19:43:18Z</ModuleTime>
      <ModuleName>System.Threading.Tasks.Parallel</ModuleName>
      <Classes />
    </Module>
    <Module skippedDueTo="Filter" hash="79-CD-7C-5A-F9-53-94-E8-EE-11-D5-B8-43-4F-75-12-98-4C-79-A1">
      <ModulePath>C:\Program Files\dotnet\sdk\2.1.4\Microsoft.Build.Tasks.Core.dll</ModulePath>
      <ModuleTime>2017-12-21T03:00:50Z</ModuleTime>
      <ModuleName>Microsoft.Build.Tasks.Core</ModuleName>
      <Classes />
    </Module>
    <Module skippedDueTo="Filter" hash="27-B6-83-A8-42-4B-7B-FF-FA-8A-62-BB-0C-AE-CB-A8-90-8A-5E-2E">
      <ModulePath>C:\Program Files\dotnet\shared\Microsoft.NETCore.App\2.0.5\System.Threading.ThreadPool.dll</ModulePath>
      <ModuleTime>2017-12-20T19:43:18Z</ModuleTime>
      <ModuleName>System.Threading.ThreadPool</ModuleName>
      <Classes />
    </Module>
    <Module skippedDueTo="Filter" hash="2F-8E-3B-30-1F-5B-59-AF-53-35-C5-54-F1-92-C9-6B-98-54-FC-E1">
      <ModulePath>C:\Program Files\dotnet\sdk\2.1.4\NuGet.Build.Tasks.dll</ModulePath>
      <ModuleTime>2017-12-21T03:00:44Z</ModuleTime>
      <ModuleName>NuGet.Build.Tasks</ModuleName>
      <Classes />
    </Module>
    <Module skippedDueTo="Filter" hash="0E-F5-BD-11-38-73-FE-40-01-0A-20-53-E2-D1-01-05-D6-E1-FF-02">
      <ModulePath>C:\Program Files\dotnet\sdk\2.1.4\NuGet.Commands.dll</ModulePath>
      <ModuleTime>2017-12-21T03:00:46Z</ModuleTime>
      <ModuleName>NuGet.Commands</ModuleName>
      <Classes />
    </Module>
    <Module skippedDueTo="Filter" hash="FD-40-4D-2E-74-52-3B-01-11-C9-35-BF-3C-5F-10-3D-2D-D2-07-91">
      <ModulePath>C:\Program Files\dotnet\sdk\2.1.4\NuGet.Common.dll</ModulePath>
      <ModuleTime>2017-12-21T03:00:46Z</ModuleTime>
      <ModuleName>NuGet.Common</ModuleName>
      <Classes />
    </Module>
    <Module skippedDueTo="Filter" hash="A1-B2-87-D4-78-17-12-F6-93-F9-84-93-4C-AF-7A-D7-B0-96-20-33">
      <ModulePath>C:\Program Files\dotnet\shared\Microsoft.NETCore.App\2.0.5\System.Runtime.Loader.dll</ModulePath>
      <ModuleTime>2017-12-20T19:43:16Z</ModuleTime>
      <ModuleName>System.Runtime.Loader</ModuleName>
      <Classes />
    </Module>
    <Module skippedDueTo="Filter" hash="E3-A5-34-09-F7-D1-3F-56-32-8B-0C-FE-BB-92-AE-63-98-B8-9D-2D">
      <ModulePath>C:\Program Files\dotnet\sdk\2.1.4\Sdks\Microsoft.NET.Sdk\build\..\tools\netcoreapp1.0/Microsoft.NET.Build.Tasks.dll</ModulePath>
      <ModuleTime>2017-12-21T03:00:54Z</ModuleTime>
      <ModuleName>Microsoft.NET.Build.Tasks</ModuleName>
      <Classes />
    </Module>
    <Module skippedDueTo="Filter" hash="86-86-CB-0E-DC-CD-D9-7A-5F-89-FD-D5-8A-D7-9D-75-55-CE-40-64">
      <ModulePath>C:\Program Files\dotnet\sdk\2.1.4\NuGet.Configuration.dll</ModulePath>
      <ModuleTime>2017-12-21T03:00:46Z</ModuleTime>
      <ModuleName>NuGet.Configuration</ModuleName>
      <Classes />
    </Module>
    <Module skippedDueTo="Filter" hash="39-30-66-E2-5C-70-C1-C0-D3-39-24-21-68-E7-95-C9-61-D6-C5-84">
      <ModulePath>C:\Program Files\dotnet\sdk\2.1.4\NuGet.ProjectModel.dll</ModulePath>
      <ModuleTime>2017-12-21T03:00:46Z</ModuleTime>
      <ModuleName>NuGet.ProjectModel</ModuleName>
      <Classes />
    </Module>
    <Module skippedDueTo="Filter" hash="BD-BD-03-EF-63-DB-44-45-6C-30-1A-FB-18-9E-5C-DC-27-E1-D4-FA">
      <ModulePath>C:\Program Files\dotnet\sdk\2.1.4\NuGet.Versioning.dll</ModulePath>
      <ModuleTime>2017-12-21T03:00:46Z</ModuleTime>
      <ModuleName>NuGet.Versioning</ModuleName>
      <Classes />
    </Module>
    <Module skippedDueTo="Filter" hash="A5-70-45-D9-B7-AF-3E-60-FF-09-DC-93-05-69-FA-78-A3-A7-C9-FD">
      <ModulePath>C:\Program Files\dotnet\sdk\2.1.4\NuGet.Protocol.dll</ModulePath>
      <ModuleTime>2017-12-21T03:00:46Z</ModuleTime>
      <ModuleName>NuGet.Protocol</ModuleName>
      <Classes />
    </Module>
    <Module skippedDueTo="Filter" hash="AB-81-04-9E-0A-77-EB-8B-73-D2-E1-44-5F-E3-BB-C7-AF-04-FC-D5">
      <ModulePath>C:\Program Files\dotnet\sdk\2.1.4\NuGet.Packaging.dll</ModulePath>
      <ModuleTime>2017-12-21T03:00:46Z</ModuleTime>
      <ModuleName>NuGet.Packaging</ModuleName>
      <Classes />
    </Module>
    <Module skippedDueTo="Filter" hash="F2-24-7B-7D-8F-EE-E7-8F-39-A7-21-FE-48-34-DA-95-BC-F1-0D-B9">
      <ModulePath>C:\Program Files\dotnet\sdk\2.1.4\NuGet.DependencyResolver.Core.dll</ModulePath>
      <ModuleTime>2017-12-21T03:00:46Z</ModuleTime>
      <ModuleName>NuGet.DependencyResolver.Core</ModuleName>
      <Classes />
    </Module>
    <Module skippedDueTo="Filter" hash="B1-9F-E0-AC-97-78-F1-F0-5F-7A-66-1F-1A-EA-43-21-CB-B2-D5-60">
      <ModulePath>C:\Program Files\dotnet\sdk\2.1.4\NuGet.Packaging.Core.dll</ModulePath>
      <ModuleTime>2017-12-21T03:00:46Z</ModuleTime>
      <ModuleName>NuGet.Packaging.Core</ModuleName>
      <Classes />
    </Module>
    <Module skippedDueTo="Filter" hash="6B-3C-94-5D-46-C3-27-3E-4E-3D-DB-21-88-6F-9A-F0-5D-03-8A-6A">
      <ModulePath>C:\Program Files\dotnet\sdk\2.1.4\Newtonsoft.Json.dll</ModulePath>
      <ModuleTime>2017-12-21T03:00:26Z</ModuleTime>
      <ModuleName>Newtonsoft.Json</ModuleName>
      <Classes />
    </Module>
    <Module skippedDueTo="Filter" hash="35-DC-CC-E9-57-61-AC-85-41-59-25-B2-9E-14-47-71-C9-E4-FC-85">
      <ModulePath>C:\Program Files\dotnet\shared\Microsoft.NETCore.App\2.0.5\System.Dynamic.Runtime.dll</ModulePath>
      <ModuleTime>2017-12-20T19:43:14Z</ModuleTime>
      <ModuleName>System.Dynamic.Runtime</ModuleName>
      <Classes />
    </Module>
    <Module skippedDueTo="Filter" hash="20-5D-75-24-58-40-A3-36-3B-61-DE-D0-E9-9E-5B-96-7F-AE-89-AE">
      <ModulePath>C:\Program Files\dotnet\shared\Microsoft.NETCore.App\2.0.5\System.Linq.Expressions.dll</ModulePath>
      <ModuleTime>2017-12-20T19:43:14Z</ModuleTime>
      <ModuleName>System.Linq.Expressions</ModuleName>
      <Classes />
    </Module>
    <Module skippedDueTo="Filter" hash="9C-B8-AF-E5-EF-AA-53-40-19-CD-15-D4-D8-3D-81-31-11-A0-C7-F1">
      <ModulePath>C:\Program Files\dotnet\sdk\2.1.4\NuGet.LibraryModel.dll</ModulePath>
      <ModuleTime>2017-12-21T03:00:46Z</ModuleTime>
      <ModuleName>NuGet.LibraryModel</ModuleName>
      <Classes />
    </Module>
    <Module skippedDueTo="Filter" hash="00-CB-3E-8D-03-2D-1A-FE-B0-72-C0-DB-9D-9F-C7-93-82-90-CE-C3">
      <ModulePath>C:\Program Files\dotnet\shared\Microsoft.NETCore.App\2.0.5\System.Runtime.Serialization.Primitives.dll</ModulePath>
      <ModuleTime>2017-12-20T19:43:16Z</ModuleTime>
      <ModuleName>System.Runtime.Serialization.Primitives</ModuleName>
      <Classes />
    </Module>
    <Module skippedDueTo="Filter" hash="C4-14-11-38-90-3F-28-52-DE-C7-FD-70-AD-3C-3D-B9-63-A3-CB-00">
      <ModulePath>C:\Program Files\dotnet\sdk\2.1.4\Microsoft.TestPlatform.Build.dll</ModulePath>
      <ModuleTime>2017-12-21T03:00:52Z</ModuleTime>
      <ModuleName>Microsoft.TestPlatform.Build</ModuleName>
      <Classes />
    </Module>
    <Module skippedDueTo="Filter" hash="80-89-49-93-1B-92-6F-A7-B8-49-15-50-6C-10-DB-08-8B-F6-A2-7F">
      <ModulePath>C:\Program Files\dotnet\shared\Microsoft.NETCore.App\2.0.5\System.Diagnostics.Tools.dll</ModulePath>
      <ModuleTime>2017-12-20T19:43:14Z</ModuleTime>
      <ModuleName>System.Diagnostics.Tools</ModuleName>
      <Classes />
    </Module>
    <Module skippedDueTo="Filter" hash="83-4E-45-08-D9-46-CD-BA-0B-6A-F1-CE-46-49-B1-9B-9F-78-A4-6C">
      <ModulePath>C:\Program Files\dotnet\shared\Microsoft.NETCore.App\2.0.5\System.Diagnostics.Debug.dll</ModulePath>
      <ModuleTime>2017-12-20T19:43:14Z</ModuleTime>
      <ModuleName>System.Diagnostics.Debug</ModuleName>
      <Classes />
    </Module>
    <Module skippedDueTo="Filter" hash="CF-0F-2E-6F-9B-B7-12-11-98-69-F1-49-21-8B-35-D1-75-E5-25-65">
      <ModulePath>C:\Program Files\dotnet\shared\Microsoft.NETCore.App\2.0.5\System.IO.Compression.dll</ModulePath>
      <ModuleTime>2017-12-20T19:43:14Z</ModuleTime>
      <ModuleName>System.IO.Compression</ModuleName>
      <Classes />
    </Module>
    <Module skippedDueTo="Filter" hash="F7-33-16-81-3D-87-54-05-5E-D8-A2-98-44-D5-DB-0C-A0-29-71-38">
      <ModulePath>C:\Program Files\dotnet\shared\Microsoft.NETCore.App\2.0.5\System.Buffers.dll</ModulePath>
      <ModuleTime>2017-12-20T19:43:14Z</ModuleTime>
      <ModuleName>System.Buffers</ModuleName>
      <Classes />
    </Module>
    <Module skippedDueTo="Filter" hash="59-79-BF-C6-55-95-25-23-9C-DD-24-DA-96-B7-62-16-22-49-2F-D4">
      <ModulePath>C:\Program Files\dotnet\shared\Microsoft.NETCore.App\2.0.5\System.Net.Http.dll</ModulePath>
      <ModuleTime>2017-12-20T19:43:16Z</ModuleTime>
      <ModuleName>System.Net.Http</ModuleName>
      <Classes />
    </Module>
    <Module skippedDueTo="Filter" hash="BC-C8-59-55-D4-A5-E8-D3-F8-01-77-2F-30-AC-25-F1-41-F7-A9-CB">
      <ModulePath>C:\Program Files\dotnet\shared\Microsoft.NETCore.App\2.0.5\System.Net.Primitives.dll</ModulePath>
      <ModuleTime>2017-12-20T19:43:16Z</ModuleTime>
      <ModuleName>System.Net.Primitives</ModuleName>
      <Classes />
    </Module>
    <Module skippedDueTo="Filter" hash="B0-2D-50-81-B2-E4-8F-1F-DD-64-EA-16-5C-E2-85-D2-C6-9F-C1-DA">
      <ModulePath>C:\Program Files\dotnet\shared\Microsoft.NETCore.App\2.0.5\Microsoft.Win32.Primitives.dll</ModulePath>
      <ModuleTime>2017-12-20T19:43:14Z</ModuleTime>
      <ModuleName>Microsoft.Win32.Primitives</ModuleName>
      <Classes />
    </Module>
    <Module skippedDueTo="Filter" hash="1A-70-99-28-23-C7-02-29-07-AA-AF-B2-FD-30-AF-B6-57-D3-C7-33">
      <ModulePath>C:\Program Files\dotnet\shared\Microsoft.NETCore.App\2.0.5\System.Diagnostics.DiagnosticSource.dll</ModulePath>
      <ModuleTime>2017-12-20T19:43:14Z</ModuleTime>
      <ModuleName>System.Diagnostics.DiagnosticSource</ModuleName>
      <Classes />
    </Module>
    <Module skippedDueTo="Filter" hash="42-A3-C1-B6-BD-30-D8-AB-64-EF-2E-1C-B1-4B-4F-B8-AB-37-70-9B">
      <ModulePath>C:\Program Files\dotnet\shared\Microsoft.NETCore.App\2.0.5\System.Security.Cryptography.X509Certificates.dll</ModulePath>
      <ModuleTime>2017-12-20T19:43:16Z</ModuleTime>
      <ModuleName>System.Security.Cryptography.X509Certificates</ModuleName>
      <Classes />
    </Module>
    <Module skippedDueTo="Filter" hash="58-71-85-F3-A2-AA-41-A3-EF-A4-E7-2B-B9-25-87-F7-0C-2F-07-04">
      <ModulePath>C:\Program Files\dotnet\shared\Microsoft.NETCore.App\2.0.5\System.Reflection.Metadata.dll</ModulePath>
      <ModuleTime>2017-12-20T19:43:16Z</ModuleTime>
      <ModuleName>System.Reflection.Metadata</ModuleName>
      <Classes />
    </Module>
    <Module skippedDueTo="Filter" hash="78-93-AB-0E-5A-DA-AE-1D-D8-C6-A9-7C-87-DF-AA-42-C2-16-08-20">
      <ModulePath>C:\Program Files\dotnet\shared\Microsoft.NETCore.App\2.0.5\System.IO.MemoryMappedFiles.dll</ModulePath>
      <ModuleTime>2017-12-20T19:43:14Z</ModuleTime>
      <ModuleName>System.IO.MemoryMappedFiles</ModuleName>
      <Classes />
    </Module>
    <Module skippedDueTo="Filter" hash="6B-FD-F4-02-2D-A1-32-9E-EE-D5-BD-34-EB-7B-26-DE-57-19-B5-DE">
      <ModulePath>C:\Program Files\dotnet\shared\Microsoft.NETCore.App\2.0.5\System.Private.CoreLib.dll</ModulePath>
      <ModuleTime>2017-12-20T19:43:18Z</ModuleTime>
      <ModuleName>System.Private.CoreLib</ModuleName>
      <Classes />
    </Module>
    <Module skippedDueTo="Filter" hash="03-BB-06-B8-13-46-F4-8E-09-96-E8-6A-5D-DF-59-81-67-0E-47-A8">
      <ModulePath>C:\Program Files\dotnet\sdk\2.1.4\vstest.console.dll</ModulePath>
      <ModuleTime>2017-12-21T03:00:32Z</ModuleTime>
      <ModuleName>vstest.console</ModuleName>
      <Classes />
    </Module>
    <Module skippedDueTo="Filter" hash="41-1F-8E-E9-67-29-F0-15-6D-EB-92-86-91-0B-7E-88-1E-12-8D-0C">
      <ModulePath>C:\Program Files\dotnet\shared\Microsoft.NETCore.App\2.0.5\System.Runtime.dll</ModulePath>
      <ModuleTime>2017-12-20T19:43:16Z</ModuleTime>
      <ModuleName>System.Runtime</ModuleName>
      <Classes />
    </Module>
    <Module skippedDueTo="Filter" hash="51-C2-8E-5D-FC-F3-88-D1-CD-DE-BB-6D-74-11-AD-D9-4B-1D-A6-88">
      <ModulePath>C:\Program Files\dotnet\shared\Microsoft.NETCore.App\2.0.5\System.Diagnostics.Process.dll</ModulePath>
      <ModuleTime>2017-12-20T19:43:14Z</ModuleTime>
      <ModuleName>System.Diagnostics.Process</ModuleName>
      <Classes />
    </Module>
    <Module skippedDueTo="Filter" hash="09-C8-71-E7-F6-68-C3-70-8C-E9-4A-97-5C-91-E8-8C-68-4F-BD-67">
      <ModulePath>C:\Program Files\dotnet\shared\Microsoft.NETCore.App\2.0.5\System.ComponentModel.Primitives.dll</ModulePath>
      <ModuleTime>2017-12-20T19:43:14Z</ModuleTime>
      <ModuleName>System.ComponentModel.Primitives</ModuleName>
      <Classes />
    </Module>
    <Module skippedDueTo="Filter" hash="39-20-64-84-D7-D0-5A-A6-43-87-E7-0D-7F-9A-8C-6B-51-C9-F5-E9">
      <ModulePath>C:\Program Files\dotnet\shared\Microsoft.NETCore.App\2.0.5\System.Runtime.Extensions.dll</ModulePath>
      <ModuleTime>2017-12-20T19:43:16Z</ModuleTime>
      <ModuleName>System.Runtime.Extensions</ModuleName>
      <Classes />
    </Module>
    <Module skippedDueTo="Filter" hash="DE-9B-13-3E-A9-33-B3-FE-B6-F0-06-73-15-B0-49-06-F4-29-E4-3F">
      <ModulePath>C:\Program Files\dotnet\sdk\2.1.4\Microsoft.TestPlatform.CoreUtilities.dll</ModulePath>
      <ModuleTime>2017-12-21T03:00:52Z</ModuleTime>
      <ModuleName>Microsoft.TestPlatform.CoreUtilities</ModuleName>
      <Classes />
    </Module>
    <Module skippedDueTo="Filter" hash="83-4E-45-08-D9-46-CD-BA-0B-6A-F1-CE-46-49-B1-9B-9F-78-A4-6C">
      <ModulePath>C:\Program Files\dotnet\shared\Microsoft.NETCore.App\2.0.5\System.Diagnostics.Debug.dll</ModulePath>
      <ModuleTime>2017-12-20T19:43:14Z</ModuleTime>
      <ModuleName>System.Diagnostics.Debug</ModuleName>
      <Classes />
    </Module>
    <Module skippedDueTo="Filter" hash="E0-CA-FD-F0-0C-6E-52-39-7A-EF-F1-48-E0-CD-C2-9D-E5-79-E6-78">
      <ModulePath>C:\Program Files\dotnet\shared\Microsoft.NETCore.App\2.0.5\System.Threading.Thread.dll</ModulePath>
      <ModuleTime>2017-12-20T19:43:18Z</ModuleTime>
      <ModuleName>System.Threading.Thread</ModuleName>
      <Classes />
    </Module>
    <Module skippedDueTo="Filter" hash="E6-F9-D6-79-C9-63-36-8C-A9-C1-04-E0-B6-50-AA-09-5B-ED-80-1B">
      <ModulePath>C:\Program Files\dotnet\shared\Microsoft.NETCore.App\2.0.5\System.Threading.dll</ModulePath>
      <ModuleTime>2017-12-20T19:43:18Z</ModuleTime>
      <ModuleName>System.Threading</ModuleName>
      <Classes />
    </Module>
    <Module skippedDueTo="Filter" hash="CB-5D-AF-E0-6F-08-BA-B5-94-92-31-00-DC-C5-F0-3D-FA-CB-16-78">
      <ModulePath>C:\Program Files\dotnet\shared\Microsoft.NETCore.App\2.0.5\System.Console.dll</ModulePath>
      <ModuleTime>2017-12-20T19:43:14Z</ModuleTime>
      <ModuleName>System.Console</ModuleName>
      <Classes />
    </Module>
    <Module skippedDueTo="Filter" hash="16-8B-5C-B4-09-1A-39-6B-32-EA-F8-67-7F-7B-56-F1-65-00-CF-6C">
      <ModulePath>C:\Program Files\dotnet\shared\Microsoft.NETCore.App\2.0.5\System.IO.dll</ModulePath>
      <ModuleTime>2017-12-20T19:43:14Z</ModuleTime>
      <ModuleName>System.IO</ModuleName>
      <Classes />
    </Module>
    <Module skippedDueTo="Filter" hash="20-A8-DA-AB-DE-0F-5C-1B-25-28-68-80-29-DE-E7-7F-77-D1-60-6F">
      <ModulePath>C:\Program Files\dotnet\shared\Microsoft.NETCore.App\2.0.5\System.Text.Encoding.Extensions.dll</ModulePath>
      <ModuleTime>2017-12-20T19:43:18Z</ModuleTime>
      <ModuleName>System.Text.Encoding.Extensions</ModuleName>
      <Classes />
    </Module>
    <Module skippedDueTo="Filter" hash="93-6F-E7-9E-71-4C-2E-6B-3D-36-8A-37-76-77-D8-66-84-44-B2-15">
      <ModulePath>C:\Program Files\dotnet\shared\Microsoft.NETCore.App\2.0.5\System.Diagnostics.Tracing.dll</ModulePath>
      <ModuleTime>2017-12-20T19:43:14Z</ModuleTime>
      <ModuleName>System.Diagnostics.Tracing</ModuleName>
      <Classes />
    </Module>
    <Module skippedDueTo="Filter" hash="CD-27-4E-FD-67-2D-90-A9-46-6A-BC-AE-CC-0D-1A-35-51-BA-78-D1">
      <ModulePath>C:\Program Files\dotnet\shared\Microsoft.NETCore.App\2.0.5\System.Collections.dll</ModulePath>
      <ModuleTime>2017-12-20T19:43:14Z</ModuleTime>
      <ModuleName>System.Collections</ModuleName>
      <Classes />
    </Module>
    <Module skippedDueTo="Filter" hash="3F-6C-88-C6-E2-D6-CC-76-6D-BD-CE-C5-E8-7A-E0-7F-AC-49-65-42">
      <ModulePath>C:\Program Files\dotnet\sdk\2.1.4\Microsoft.VisualStudio.TestPlatform.ObjectModel.dll</ModulePath>
      <ModuleTime>2017-12-21T03:00:52Z</ModuleTime>
      <ModuleName>Microsoft.VisualStudio.TestPlatform.ObjectModel</ModuleName>
      <Classes />
    </Module>
    <Module skippedDueTo="Filter" hash="59-B9-EF-BE-D6-BC-A8-0B-EF-2B-F4-90-1F-97-0E-37-C1-AC-2E-7F">
      <ModulePath>C:\Program Files\dotnet\sdk\2.1.4\Microsoft.VisualStudio.TestPlatform.Client.dll</ModulePath>
      <ModuleTime>2017-12-21T03:00:52Z</ModuleTime>
      <ModuleName>Microsoft.VisualStudio.TestPlatform.Client</ModuleName>
      <Classes />
    </Module>
    <Module skippedDueTo="Filter" hash="BC-0A-81-3C-92-0A-52-58-87-FD-5B-73-06-FD-FE-8F-38-20-68-20">
      <ModulePath>C:\Program Files\dotnet\sdk\2.1.4\Microsoft.VisualStudio.TestPlatform.Common.dll</ModulePath>
      <ModuleTime>2017-12-21T03:00:52Z</ModuleTime>
      <ModuleName>Microsoft.VisualStudio.TestPlatform.Common</ModuleName>
      <Classes />
    </Module>
    <Module skippedDueTo="Filter" hash="11-1D-A8-A9-0E-B7-F5-02-3A-DE-28-0A-99-E7-FF-1C-E9-B7-8F-3D">
      <ModulePath>C:\Program Files\dotnet\shared\Microsoft.NETCore.App\2.0.5\System.Linq.dll</ModulePath>
      <ModuleTime>2017-12-20T19:43:16Z</ModuleTime>
      <ModuleName>System.Linq</ModuleName>
      <Classes />
    </Module>
    <Module skippedDueTo="Filter" hash="B5-05-9F-47-D9-B8-DC-49-D5-D5-06-B6-30-3D-DB-39-94-F8-25-1B">
      <ModulePath>C:\Program Files\dotnet\shared\Microsoft.NETCore.App\2.0.5\System.Runtime.InteropServices.dll</ModulePath>
      <ModuleTime>2017-12-20T19:43:16Z</ModuleTime>
      <ModuleName>System.Runtime.InteropServices</ModuleName>
      <Classes />
    </Module>
    <Module skippedDueTo="Filter" hash="16-A3-A2-20-FF-D0-10-40-9D-3F-07-7F-3D-B1-23-42-5F-91-7C-7F">
      <ModulePath>C:\Program Files\dotnet\shared\Microsoft.NETCore.App\2.0.5\System.Resources.ResourceManager.dll</ModulePath>
      <ModuleTime>2017-12-20T19:43:16Z</ModuleTime>
      <ModuleName>System.Resources.ResourceManager</ModuleName>
      <Classes />
    </Module>
    <Module skippedDueTo="Filter" hash="F0-22-19-B7-F6-63-1E-8A-97-BC-E3-A8-0E-86-F3-9E-06-44-E8-01">
      <ModulePath>C:\Program Files\dotnet\shared\Microsoft.NETCore.App\2.0.5\System.IO.FileSystem.Primitives.dll</ModulePath>
      <ModuleTime>2017-12-20T19:43:14Z</ModuleTime>
      <ModuleName>System.IO.FileSystem.Primitives</ModuleName>
      <Classes />
    </Module>
    <Module skippedDueTo="Filter" hash="62-96-BF-2C-F9-33-5D-7F-8C-13-D2-55-CA-DA-99-3C-FF-CE-25-63">
      <ModulePath>C:\Program Files\dotnet\shared\Microsoft.NETCore.App\2.0.5\System.IO.FileSystem.dll</ModulePath>
      <ModuleTime>2017-12-20T19:43:14Z</ModuleTime>
      <ModuleName>System.IO.FileSystem</ModuleName>
      <Classes />
    </Module>
    <Module skippedDueTo="Filter" hash="3A-5B-10-CD-6F-9C-A6-09-E7-EB-30-7C-FA-E0-3E-E6-D8-AE-D2-AE">
      <ModulePath>C:\Program Files\dotnet\shared\Microsoft.NETCore.App\2.0.5\System.Xml.ReaderWriter.dll</ModulePath>
      <ModuleTime>2017-12-20T19:43:18Z</ModuleTime>
      <ModuleName>System.Xml.ReaderWriter</ModuleName>
      <Classes />
    </Module>
    <Module skippedDueTo="Filter" hash="15-84-CE-11-DD-24-30-6C-BA-9A-E0-EA-17-33-E2-DC-4B-77-8C-A6">
      <ModulePath>C:\Program Files\dotnet\shared\Microsoft.NETCore.App\2.0.5\System.Private.Xml.dll</ModulePath>
      <ModuleTime>2017-12-20T19:43:16Z</ModuleTime>
      <ModuleName>System.Private.Xml</ModuleName>
      <Classes />
    </Module>
    <Module skippedDueTo="Filter" hash="22-6E-C3-74-59-2E-13-0F-D5-6F-32-F0-10-99-11-3D-F5-79-B5-06">
      <ModulePath>C:\Program Files\dotnet\sdk\2.1.4\Microsoft.TestPlatform.PlatformAbstractions.dll</ModulePath>
      <ModuleTime>2017-12-21T03:00:52Z</ModuleTime>
      <ModuleName>Microsoft.TestPlatform.PlatformAbstractions</ModuleName>
      <Classes />
    </Module>
    <Module skippedDueTo="Filter" hash="8E-F1-C5-CB-FA-53-02-66-36-2E-9B-66-DF-41-38-01-35-FD-71-2D">
      <ModulePath>C:\Program Files\dotnet\shared\Microsoft.NETCore.App\2.0.5\System.Xml.XmlDocument.dll</ModulePath>
      <ModuleTime>2017-12-20T19:43:18Z</ModuleTime>
      <ModuleName>System.Xml.XmlDocument</ModuleName>
      <Classes />
    </Module>
    <Module skippedDueTo="Filter" hash="F3-53-8B-EF-85-D4-AA-4C-7F-9F-AF-7D-77-01-CB-5B-7F-71-C2-73">
      <ModulePath>C:\Program Files\dotnet\sdk\2.1.4\System.Xml.XPath.XmlDocument.dll</ModulePath>
      <ModuleTime>2017-12-21T03:00:20Z</ModuleTime>
      <ModuleName>System.Xml.XPath.XmlDocument</ModuleName>
      <Classes />
    </Module>
    <Module skippedDueTo="Filter" hash="E9-D4-0A-EF-10-D1-8C-55-86-C7-1F-97-D4-1B-71-77-11-90-3A-A5">
      <ModulePath>C:\Program Files\dotnet\shared\Microsoft.NETCore.App\2.0.5\System.Xml.XPath.dll</ModulePath>
      <ModuleTime>2017-12-20T19:43:18Z</ModuleTime>
      <ModuleName>System.Xml.XPath</ModuleName>
      <Classes />
    </Module>
    <Module skippedDueTo="Filter" hash="75-9A-4B-0E-70-41-61-A5-09-22-3C-B3-9F-CA-40-23-77-BC-15-3F">
      <ModulePath>C:\Program Files\dotnet\sdk\2.1.4\Microsoft.TestPlatform.Utilities.dll</ModulePath>
      <ModuleTime>2017-12-21T03:00:52Z</ModuleTime>
      <ModuleName>Microsoft.TestPlatform.Utilities</ModuleName>
      <Classes />
    </Module>
    <Module skippedDueTo="Filter" hash="EB-D5-85-1D-63-0E-26-A0-A2-87-8B-C7-75-30-5F-1B-02-57-65-64">
      <ModulePath>C:\Program Files\dotnet\shared\Microsoft.NETCore.App\2.0.5\System.Runtime.InteropServices.RuntimeInformation.dll</ModulePath>
      <ModuleTime>2017-12-20T19:43:16Z</ModuleTime>
      <ModuleName>System.Runtime.InteropServices.RuntimeInformation</ModuleName>
      <Classes />
    </Module>
    <Module skippedDueTo="Filter" hash="63-9F-D2-08-25-C0-01-C1-35-4A-0E-AC-D8-A9-2B-84-82-52-B0-5C">
      <ModulePath>C:\Program Files\dotnet\shared\Microsoft.NETCore.App\2.0.5\System.Private.Uri.dll</ModulePath>
      <ModuleTime>2017-12-20T19:43:16Z</ModuleTime>
      <ModuleName>System.Private.Uri</ModuleName>
      <Classes />
    </Module>
    <Module skippedDueTo="Filter" hash="27-FF-EA-22-FA-1B-89-4C-8C-CB-93-D8-4D-E5-1F-34-F6-8A-6B-CE">
      <ModulePath>C:\Program Files\dotnet\shared\Microsoft.NETCore.App\2.0.5\System.Globalization.dll</ModulePath>
      <ModuleTime>2017-12-20T19:43:14Z</ModuleTime>
      <ModuleName>System.Globalization</ModuleName>
      <Classes />
    </Module>
    <Module skippedDueTo="Filter" hash="97-40-56-27-AF-A6-21-E7-6D-03-81-75-9F-9E-17-23-DC-84-7E-D1">
      <ModulePath>C:\Program Files\dotnet\shared\Microsoft.NETCore.App\2.0.5\System.Diagnostics.TraceSource.dll</ModulePath>
      <ModuleTime>2017-12-20T19:43:14Z</ModuleTime>
      <ModuleName>System.Diagnostics.TraceSource</ModuleName>
      <Classes />
    </Module>
    <Module skippedDueTo="Filter" hash="31-3F-28-D7-F6-F8-07-E2-5B-6C-5B-9A-4D-62-A4-8E-04-C7-6A-70">
      <ModulePath>C:\Program Files\dotnet\shared\Microsoft.NETCore.App\2.0.5\System.Collections.NonGeneric.dll</ModulePath>
      <ModuleTime>2017-12-20T19:43:14Z</ModuleTime>
      <ModuleName>System.Collections.NonGeneric</ModuleName>
      <Classes />
    </Module>
    <Module skippedDueTo="Filter" hash="8A-C1-C1-60-CF-62-87-A7-80-01-01-C3-2D-DD-BB-15-43-80-F8-80">
      <ModulePath>C:\Program Files\dotnet\shared\Microsoft.NETCore.App\2.0.5\System.Threading.Tasks.dll</ModulePath>
      <ModuleTime>2017-12-20T19:43:18Z</ModuleTime>
      <ModuleName>System.Threading.Tasks</ModuleName>
      <Classes />
    </Module>
    <Module skippedDueTo="Filter" hash="D8-85-CB-CE-59-11-CE-38-35-C4-C6-22-97-27-77-9C-1F-B1-A1-30">
      <ModulePath>C:\Program Files\dotnet\sdk\2.1.4\Microsoft.TestPlatform.CrossPlatEngine.dll</ModulePath>
      <ModuleTime>2017-12-21T03:00:52Z</ModuleTime>
      <ModuleName>Microsoft.TestPlatform.CrossPlatEngine</ModuleName>
      <Classes />
    </Module>
    <Module skippedDueTo="Filter" hash="57-51-2E-09-50-36-05-C8-F5-3A-5E-09-66-60-1C-C9-B9-9B-16-04">
      <ModulePath>C:\Program Files\dotnet\shared\Microsoft.NETCore.App\2.0.5\System.Reflection.dll</ModulePath>
      <ModuleTime>2017-12-20T19:43:16Z</ModuleTime>
      <ModuleName>System.Reflection</ModuleName>
      <Classes />
    </Module>
    <Module skippedDueTo="Filter" hash="A1-B2-87-D4-78-17-12-F6-93-F9-84-93-4C-AF-7A-D7-B0-96-20-33">
      <ModulePath>C:\Program Files\dotnet\shared\Microsoft.NETCore.App\2.0.5\System.Runtime.Loader.dll</ModulePath>
      <ModuleTime>2017-12-20T19:43:16Z</ModuleTime>
      <ModuleName>System.Runtime.Loader</ModuleName>
      <Classes />
    </Module>
    <Module skippedDueTo="Filter" hash="CD-1B-CF-BA-58-2E-EC-99-5B-73-14-09-B5-A0-80-CA-A2-D4-BD-87">
      <ModulePath>C:\Program Files\dotnet\sdk\2.1.4\Extensions\Microsoft.TestPlatform.Extensions.BlameDataCollector.dll</ModulePath>
      <ModuleTime>2017-12-21T03:00:24Z</ModuleTime>
      <ModuleName>Microsoft.TestPlatform.Extensions.BlameDataCollector</ModuleName>
      <Classes />
    </Module>
    <Module skippedDueTo="Filter" hash="D9-7F-DA-4C-A6-F9-66-9D-7C-99-6A-18-05-86-52-E9-60-8D-0B-5D">
      <ModulePath>C:\Program Files\dotnet\shared\Microsoft.NETCore.App\2.0.5\System.Reflection.TypeExtensions.dll</ModulePath>
      <ModuleTime>2017-12-20T19:43:16Z</ModuleTime>
      <ModuleName>System.Reflection.TypeExtensions</ModuleName>
      <Classes />
    </Module>
    <Module skippedDueTo="Filter" hash="8B-01-41-C5-D5-B5-F1-B4-48-A7-6A-E5-9B-BC-0E-92-3C-47-84-C0">
      <ModulePath>C:\Program Files\dotnet\sdk\2.1.4\Extensions\Microsoft.TestPlatform.Extensions.EventLogCollector.dll</ModulePath>
      <ModuleTime>2017-12-21T03:00:24Z</ModuleTime>
      <ModuleName>Microsoft.TestPlatform.Extensions.EventLogCollector</ModuleName>
      <Classes />
    </Module>
    <Module skippedDueTo="Filter" hash="C2-A9-7A-69-1C-EA-3E-5E-D5-41-DB-E7-FE-7F-2B-81-D3-95-20-0D">
      <ModulePath>C:\Program Files\dotnet\shared\Microsoft.NETCore.App\2.0.5\mscorlib.dll</ModulePath>
      <ModuleTime>2017-12-20T19:43:14Z</ModuleTime>
      <ModuleName>mscorlib</ModuleName>
      <Classes />
    </Module>
    <Module skippedDueTo="Filter" hash="97-2E-7B-32-8C-A3-11-06-06-DB-37-CB-A7-6D-0E-30-BF-DB-E7-BC">
      <ModulePath>C:\Program Files\dotnet\shared\Microsoft.NETCore.App\2.0.5\System.Xml.dll</ModulePath>
      <ModuleTime>2017-12-20T19:43:18Z</ModuleTime>
      <ModuleName>System.Xml</ModuleName>
      <Classes />
    </Module>
    <Module skippedDueTo="Filter" hash="23-EE-17-74-76-34-DC-86-A2-EE-A8-2D-59-9E-22-61-1C-5E-B9-D7">
      <ModulePath>C:\Program Files\dotnet\sdk\2.1.4\Extensions\Microsoft.TestPlatform.TestHostRuntimeProvider.dll</ModulePath>
      <ModuleTime>2017-12-21T03:00:24Z</ModuleTime>
      <ModuleName>Microsoft.TestPlatform.TestHostRuntimeProvider</ModuleName>
      <Classes />
    </Module>
    <Module skippedDueTo="Filter" hash="63-FD-C6-E8-DB-A7-8A-8E-25-84-B8-B0-B6-62-FF-9D-E2-7E-B9-D0">
      <ModulePath>C:\Program Files\dotnet\shared\Microsoft.NETCore.App\2.0.5\System.Reflection.Extensions.dll</ModulePath>
      <ModuleTime>2017-12-20T19:43:16Z</ModuleTime>
      <ModuleName>System.Reflection.Extensions</ModuleName>
      <Classes />
    </Module>
    <Module skippedDueTo="Filter" hash="5E-91-FD-38-1F-3F-CB-EF-18-70-FA-29-EC-67-C8-32-70-69-E7-2D">
      <ModulePath>C:\Program Files\dotnet\sdk\2.1.4\Extensions\Microsoft.VisualStudio.TestPlatform.Extensions.Trx.TestLogger.dll</ModulePath>
      <ModuleTime>2017-12-21T03:00:24Z</ModuleTime>
      <ModuleName>Microsoft.VisualStudio.TestPlatform.Extensions.Trx.TestLogger</ModuleName>
      <Classes />
    </Module>
    <Module skippedDueTo="Filter" hash="58-71-85-F3-A2-AA-41-A3-EF-A4-E7-2B-B9-25-87-F7-0C-2F-07-04">
      <ModulePath>C:\Program Files\dotnet\shared\Microsoft.NETCore.App\2.0.5\System.Reflection.Metadata.dll</ModulePath>
      <ModuleTime>2017-12-20T19:43:16Z</ModuleTime>
      <ModuleName>System.Reflection.Metadata</ModuleName>
      <Classes />
    </Module>
    <Module skippedDueTo="Filter" hash="6A-66-01-46-FC-61-B5-39-4F-D6-F0-74-63-5B-B3-72-86-E5-DA-46">
      <ModulePath>C:\Program Files\dotnet\shared\Microsoft.NETCore.App\2.0.5\System.Collections.Immutable.dll</ModulePath>
      <ModuleTime>2017-12-20T19:43:14Z</ModuleTime>
      <ModuleName>System.Collections.Immutable</ModuleName>
      <Classes />
    </Module>
    <Module skippedDueTo="Filter" hash="B0-2D-50-81-B2-E4-8F-1F-DD-64-EA-16-5C-E2-85-D2-C6-9F-C1-DA">
      <ModulePath>C:\Program Files\dotnet\shared\Microsoft.NETCore.App\2.0.5\Microsoft.Win32.Primitives.dll</ModulePath>
      <ModuleTime>2017-12-20T19:43:14Z</ModuleTime>
      <ModuleName>Microsoft.Win32.Primitives</ModuleName>
      <Classes />
    </Module>
    <Module skippedDueTo="Filter" hash="82-95-DE-D4-D6-42-93-7A-86-68-E5-8F-AF-86-43-C2-89-C3-DE-4E">
      <ModulePath>C:\Program Files\dotnet\shared\Microsoft.NETCore.App\2.0.5\System.Collections.Concurrent.dll</ModulePath>
      <ModuleTime>2017-12-20T19:43:14Z</ModuleTime>
      <ModuleName>System.Collections.Concurrent</ModuleName>
      <Classes />
    </Module>
    <Module skippedDueTo="Filter" hash="84-7F-83-E9-88-FC-D9-23-4C-84-BA-05-D7-C9-D9-C1-CA-24-8A-99">
      <ModulePath>C:\Program Files\dotnet\sdk\2.1.4\Microsoft.TestPlatform.CommunicationUtilities.dll</ModulePath>
      <ModuleTime>2017-12-21T03:00:52Z</ModuleTime>
      <ModuleName>Microsoft.TestPlatform.CommunicationUtilities</ModuleName>
      <Classes />
    </Module>
    <Module skippedDueTo="Filter" hash="6B-3C-94-5D-46-C3-27-3E-4E-3D-DB-21-88-6F-9A-F0-5D-03-8A-6A">
      <ModulePath>C:\Program Files\dotnet\sdk\2.1.4\Newtonsoft.Json.dll</ModulePath>
      <ModuleTime>2017-12-21T03:00:26Z</ModuleTime>
      <ModuleName>Newtonsoft.Json</ModuleName>
      <Classes />
    </Module>
    <Module skippedDueTo="Filter" hash="00-CB-3E-8D-03-2D-1A-FE-B0-72-C0-DB-9D-9F-C7-93-82-90-CE-C3">
      <ModulePath>C:\Program Files\dotnet\shared\Microsoft.NETCore.App\2.0.5\System.Runtime.Serialization.Primitives.dll</ModulePath>
      <ModuleTime>2017-12-20T19:43:16Z</ModuleTime>
      <ModuleName>System.Runtime.Serialization.Primitives</ModuleName>
      <Classes />
    </Module>
    <Module skippedDueTo="Filter" hash="7D-C9-55-AC-33-4A-1C-B9-B0-60-A3-48-9A-5B-29-42-57-2B-A8-BD">
      <ModulePath>C:\Program Files\dotnet\shared\Microsoft.NETCore.App\2.0.5\System.Threading.Timer.dll</ModulePath>
      <ModuleTime>2017-12-20T19:43:18Z</ModuleTime>
      <ModuleName>System.Threading.Timer</ModuleName>
      <Classes />
    </Module>
    <Module skippedDueTo="Filter" hash="BC-C8-59-55-D4-A5-E8-D3-F8-01-77-2F-30-AC-25-F1-41-F7-A9-CB">
      <ModulePath>C:\Program Files\dotnet\shared\Microsoft.NETCore.App\2.0.5\System.Net.Primitives.dll</ModulePath>
      <ModuleTime>2017-12-20T19:43:16Z</ModuleTime>
      <ModuleName>System.Net.Primitives</ModuleName>
      <Classes />
    </Module>
    <Module skippedDueTo="Filter" hash="B5-18-FD-17-BD-52-C3-04-FD-94-93-52-60-E1-4D-F7-8E-36-C6-55">
      <ModulePath>C:\Program Files\dotnet\shared\Microsoft.NETCore.App\2.0.5\System.Net.Sockets.dll</ModulePath>
      <ModuleTime>2017-12-20T19:43:16Z</ModuleTime>
      <ModuleName>System.Net.Sockets</ModuleName>
      <Classes />
    </Module>
    <Module skippedDueTo="Filter" hash="90-67-16-95-C8-62-BF-10-B0-7C-A2-8A-0A-D9-EB-D2-81-C0-FD-B4">
      <ModulePath>C:\Program Files\dotnet\shared\Microsoft.NETCore.App\2.0.5\System.Threading.Overlapped.dll</ModulePath>
      <ModuleTime>2017-12-20T19:43:18Z</ModuleTime>
      <ModuleName>System.Threading.Overlapped</ModuleName>
      <Classes />
    </Module>
    <Module skippedDueTo="Filter" hash="B0-76-2E-0A-67-23-BB-2C-A4-E0-98-D9-2B-9B-EB-22-6C-55-AB-F7">
      <ModulePath>C:\Program Files\dotnet\shared\Microsoft.NETCore.App\2.0.5\System.Net.NameResolution.dll</ModulePath>
      <ModuleTime>2017-12-20T19:43:16Z</ModuleTime>
      <ModuleName>System.Net.NameResolution</ModuleName>
      <Classes />
    </Module>
    <Module skippedDueTo="Filter" hash="93-CA-67-D1-FC-9D-12-A7-DD-1F-33-9D-5B-AA-3F-A9-8B-A8-A8-61">
      <ModulePath>C:\Program Files\dotnet\sdk\2.1.4\Microsoft.Extensions.DependencyModel.dll</ModulePath>
      <ModuleTime>2017-12-21T03:00:50Z</ModuleTime>
      <ModuleName>Microsoft.Extensions.DependencyModel</ModuleName>
      <Classes />
    </Module>
    <Module skippedDueTo="Filter" hash="35-DC-CC-E9-57-61-AC-85-41-59-25-B2-9E-14-47-71-C9-E4-FC-85">
      <ModulePath>C:\Program Files\dotnet\shared\Microsoft.NETCore.App\2.0.5\System.Dynamic.Runtime.dll</ModulePath>
      <ModuleTime>2017-12-20T19:43:14Z</ModuleTime>
      <ModuleName>System.Dynamic.Runtime</ModuleName>
      <Classes />
    </Module>
    <Module skippedDueTo="Filter" hash="20-5D-75-24-58-40-A3-36-3B-61-DE-D0-E9-9E-5B-96-7F-AE-89-AE">
      <ModulePath>C:\Program Files\dotnet\shared\Microsoft.NETCore.App\2.0.5\System.Linq.Expressions.dll</ModulePath>
      <ModuleTime>2017-12-20T19:43:14Z</ModuleTime>
      <ModuleName>System.Linq.Expressions</ModuleName>
      <Classes />
    </Module>
    <Module skippedDueTo="Filter" hash="56-11-B7-4C-4D-A0-46-2B-4B-36-79-ED-1F-A0-C9-09-52-16-63-47">
      <ModulePath>C:\Program Files\dotnet\shared\Microsoft.NETCore.App\2.0.5\System.ObjectModel.dll</ModulePath>
      <ModuleTime>2017-12-20T19:43:16Z</ModuleTime>
      <ModuleName>System.ObjectModel</ModuleName>
      <Classes />
    </Module>
    <Module skippedDueTo="Filter" hash="27-B6-83-A8-42-4B-7B-FF-FA-8A-62-BB-0C-AE-CB-A8-90-8A-5E-2E">
      <ModulePath>C:\Program Files\dotnet\shared\Microsoft.NETCore.App\2.0.5\System.Threading.ThreadPool.dll</ModulePath>
      <ModuleTime>2017-12-20T19:43:18Z</ModuleTime>
      <ModuleName>System.Threading.ThreadPool</ModuleName>
      <Classes />
    </Module>
    <Module skippedDueTo="Filter" hash="6B-FD-F4-02-2D-A1-32-9E-EE-D5-BD-34-EB-7B-26-DE-57-19-B5-DE">
      <ModulePath>C:\Program Files\dotnet\shared\Microsoft.NETCore.App\2.0.5\System.Private.CoreLib.dll</ModulePath>
      <ModuleTime>2017-12-20T19:43:18Z</ModuleTime>
      <ModuleName>System.Private.CoreLib</ModuleName>
      <Classes />
    </Module>
    <Module skippedDueTo="Filter" hash="EF-74-1E-B8-C0-39-86-98-DA-99-65-F3-59-D7-19-38-B2-83-FE-EC">
      <ModulePath>C:\Users\Lucas\.nuget\packages\microsoft.testplatform.testhost\15.5.0\lib\netstandard1.5\testhost.dll</ModulePath>
      <ModuleTime>2017-11-08T08:32:12Z</ModuleTime>
      <ModuleName>testhost</ModuleName>
      <Classes />
    </Module>
    <Module skippedDueTo="Filter" hash="41-1F-8E-E9-67-29-F0-15-6D-EB-92-86-91-0B-7E-88-1E-12-8D-0C">
      <ModulePath>C:\Program Files\dotnet\shared\Microsoft.NETCore.App\2.0.5\System.Runtime.dll</ModulePath>
      <ModuleTime>2017-12-20T19:43:16Z</ModuleTime>
      <ModuleName>System.Runtime</ModuleName>
      <Classes />
    </Module>
    <Module skippedDueTo="Filter" hash="22-23-00-09-54-FA-65-17-3C-4F-95-FD-89-EC-47-99-8A-28-A4-FA">
      <ModulePath>C:\Users\Lucas\.nuget\packages\microsoft.testplatform.objectmodel\15.5.0\lib\netstandard1.5\Microsoft.TestPlatform.CoreUtilities.dll</ModulePath>
      <ModuleTime>2017-11-08T08:32:10Z</ModuleTime>
      <ModuleName>Microsoft.TestPlatform.CoreUtilities</ModuleName>
      <Classes />
    </Module>
    <Module skippedDueTo="Filter" hash="93-6F-E7-9E-71-4C-2E-6B-3D-36-8A-37-76-77-D8-66-84-44-B2-15">
      <ModulePath>C:\Program Files\dotnet\shared\Microsoft.NETCore.App\2.0.5\System.Diagnostics.Tracing.dll</ModulePath>
      <ModuleTime>2017-12-20T19:43:14Z</ModuleTime>
      <ModuleName>System.Diagnostics.Tracing</ModuleName>
      <Classes />
    </Module>
    <Module skippedDueTo="Filter" hash="C3-E5-6A-F8-3E-E0-21-4C-5C-43-91-67-90-4F-EB-5B-35-7F-C1-E1">
      <ModulePath>C:\Users\Lucas\.nuget\packages\microsoft.testplatform.objectmodel\15.5.0\lib\netstandard1.5\Microsoft.TestPlatform.PlatformAbstractions.dll</ModulePath>
      <ModuleTime>2017-11-08T08:32:10Z</ModuleTime>
      <ModuleName>Microsoft.TestPlatform.PlatformAbstractions</ModuleName>
      <Classes />
    </Module>
    <Module skippedDueTo="Filter" hash="39-20-64-84-D7-D0-5A-A6-43-87-E7-0D-7F-9A-8C-6B-51-C9-F5-E9">
      <ModulePath>C:\Program Files\dotnet\shared\Microsoft.NETCore.App\2.0.5\System.Runtime.Extensions.dll</ModulePath>
      <ModuleTime>2017-12-20T19:43:16Z</ModuleTime>
      <ModuleName>System.Runtime.Extensions</ModuleName>
      <Classes />
    </Module>
    <Module skippedDueTo="Filter" hash="83-4E-45-08-D9-46-CD-BA-0B-6A-F1-CE-46-49-B1-9B-9F-78-A4-6C">
      <ModulePath>C:\Program Files\dotnet\shared\Microsoft.NETCore.App\2.0.5\System.Diagnostics.Debug.dll</ModulePath>
      <ModuleTime>2017-12-20T19:43:14Z</ModuleTime>
      <ModuleName>System.Diagnostics.Debug</ModuleName>
      <Classes />
    </Module>
    <Module skippedDueTo="Filter" hash="8A-C1-C1-60-CF-62-87-A7-80-01-01-C3-2D-DD-BB-15-43-80-F8-80">
      <ModulePath>C:\Program Files\dotnet\shared\Microsoft.NETCore.App\2.0.5\System.Threading.Tasks.dll</ModulePath>
      <ModuleTime>2017-12-20T19:43:18Z</ModuleTime>
      <ModuleName>System.Threading.Tasks</ModuleName>
      <Classes />
    </Module>
    <Module skippedDueTo="Filter" hash="CD-27-4E-FD-67-2D-90-A9-46-6A-BC-AE-CC-0D-1A-35-51-BA-78-D1">
      <ModulePath>C:\Program Files\dotnet\shared\Microsoft.NETCore.App\2.0.5\System.Collections.dll</ModulePath>
      <ModuleTime>2017-12-20T19:43:14Z</ModuleTime>
      <ModuleName>System.Collections</ModuleName>
      <Classes />
    </Module>
    <Module skippedDueTo="Filter" hash="61-6F-B0-1A-D1-24-B2-EF-FF-EA-35-02-27-29-4C-95-12-BA-25-48">
      <ModulePath>C:\Users\Lucas\.nuget\packages\microsoft.testplatform.objectmodel\15.5.0\lib\netstandard1.5\Microsoft.VisualStudio.TestPlatform.ObjectModel.dll</ModulePath>
      <ModuleTime>2017-11-08T08:32:10Z</ModuleTime>
      <ModuleName>Microsoft.VisualStudio.TestPlatform.ObjectModel</ModuleName>
      <Classes />
    </Module>
    <Module skippedDueTo="Filter" hash="8C-CE-74-98-6D-A2-89-F3-6B-5F-5B-A6-4C-12-70-3E-25-94-5D-F2">
      <ModulePath>C:\Users\Lucas\.nuget\packages\microsoft.testplatform.testhost\15.5.0\lib\netstandard1.5\Microsoft.TestPlatform.CrossPlatEngine.dll</ModulePath>
      <ModuleTime>2017-11-08T08:32:12Z</ModuleTime>
      <ModuleName>Microsoft.TestPlatform.CrossPlatEngine</ModuleName>
      <Classes />
    </Module>
    <Module skippedDueTo="Filter" hash="B2-10-D6-D3-43-7B-D7-1D-47-D9-C7-DD-CE-0F-A5-15-9F-B5-6E-FC">
[...]
      <ModuleName>System.Collections.Specialized</ModuleName>
      <Classes />
    </Module>
    <Module skippedDueTo="Filter" hash="7E-E4-B9-7C-35-C5-29-90-C2-FE-35-F2-36-FD-76-AC-68-25-D6-4B">
      <ModulePath>C:\Program Files\dotnet\shared\Microsoft.NETCore.App\2.0.5\System.Drawing.Primitives.dll</ModulePath>
      <ModuleTime>2017-12-20T19:43:14Z</ModuleTime>
      <ModuleName>System.Drawing.Primitives</ModuleName>
      <Classes />
    </Module>
    <Module skippedDueTo="Filter" hash="56-11-B7-4C-4D-A0-46-2B-4B-36-79-ED-1F-A0-C9-09-52-16-63-47">
      <ModulePath>C:\Program Files\dotnet\shared\Microsoft.NETCore.App\2.0.5\System.ObjectModel.dll</ModulePath>
      <ModuleTime>2017-12-20T19:43:16Z</ModuleTime>
      <ModuleName>System.ObjectModel</ModuleName>
      <Classes />
    </Module>
    <Module skippedDueTo="Filter" hash="00-CB-3E-8D-03-2D-1A-FE-B0-72-C0-DB-9D-9F-C7-93-82-90-CE-C3">
      <ModulePath>C:\Program Files\dotnet\shared\Microsoft.NETCore.App\2.0.5\System.Runtime.Serialization.Primitives.dll</ModulePath>
      <ModuleTime>2017-12-20T19:43:16Z</ModuleTime>
      <ModuleName>System.Runtime.Serialization.Primitives</ModuleName>
      <Classes />
    </Module>
    <Module skippedDueTo="Filter" hash="80-DE-83-84-58-D4-68-94-D3-01-C4-32-0B-0B-55-4E-35-91-F9-8D">
      <ModulePath>C:\Program Files\dotnet\shared\Microsoft.NETCore.App\2.0.5\System.Data.Common.dll</ModulePath>
      <ModuleTime>2017-12-20T19:43:14Z</ModuleTime>
      <ModuleName>System.Data.Common</ModuleName>
      <Classes />
    </Module>
    <Module skippedDueTo="Filter" hash="3A-5B-10-CD-6F-9C-A6-09-E7-EB-30-7C-FA-E0-3E-E6-D8-AE-D2-AE">
      <ModulePath>C:\Program Files\dotnet\shared\Microsoft.NETCore.App\2.0.5\System.Xml.ReaderWriter.dll</ModulePath>
      <ModuleTime>2017-12-20T19:43:18Z</ModuleTime>
      <ModuleName>System.Xml.ReaderWriter</ModuleName>
      <Classes />
    </Module>
    <Module skippedDueTo="Filter" hash="15-84-CE-11-DD-24-30-6C-BA-9A-E0-EA-17-33-E2-DC-4B-77-8C-A6">
      <ModulePath>C:\Program Files\dotnet\shared\Microsoft.NETCore.App\2.0.5\System.Private.Xml.dll</ModulePath>
      <ModuleTime>2017-12-20T19:43:16Z</ModuleTime>
      <ModuleName>System.Private.Xml</ModuleName>
      <Classes />
    </Module>
    <Module skippedDueTo="Filter" hash="88-00-CE-1C-B4-DD-BA-E4-5D-66-45-DA-66-2D-89-84-42-9B-45-F7">
      <ModulePath>C:\Program Files\dotnet\shared\Microsoft.NETCore.App\2.0.5\System.ComponentModel.dll</ModulePath>
      <ModuleTime>2017-12-20T19:43:14Z</ModuleTime>
      <ModuleName>System.ComponentModel</ModuleName>
      <Classes />
    </Module>
    <Module skippedDueTo="Filter" hash="7F-C6-56-F2-0E-C5-35-58-83-23-72-0C-61-AE-6B-D7-AE-FC-CE-C4">
      <ModulePath>C:\Program Files\dotnet\shared\Microsoft.NETCore.App\2.0.5\System.Reflection.Emit.ILGeneration.dll</ModulePath>
      <ModuleTime>2017-12-20T19:43:16Z</ModuleTime>
      <ModuleName>System.Reflection.Emit.ILGeneration</ModuleName>
      <Classes />
    </Module>
    <Module skippedDueTo="Filter" hash="88-00-CE-1C-B4-DD-BA-E4-5D-66-45-DA-66-2D-89-84-42-9B-45-F7">
      <ModulePath>C:\Program Files\dotnet\shared\Microsoft.NETCore.App\2.0.5\System.ComponentModel.dll</ModulePath>
      <ModuleTime>2017-12-20T19:43:14Z</ModuleTime>
      <ModuleName>System.ComponentModel</ModuleName>
      <Classes />
    </Module>
    <Module skippedDueTo="Filter" hash="5C-D5-68-76-CD-B7-54-49-0C-1A-3E-A8-A4-E2-D8-C8-C4-63-42-E5">
      <ModulePath>C:\Program Files\dotnet\shared\Microsoft.NETCore.App\2.0.5\System.Reflection.Emit.Lightweight.dll</ModulePath>
      <ModuleTime>2017-12-20T19:43:16Z</ModuleTime>
      <ModuleName>System.Reflection.Emit.Lightweight</ModuleName>
      <Classes />
    </Module>
    <Module skippedDueTo="Filter" hash="97-3E-65-BD-68-91-20-12-B1-10-45-13-DA-F3-BB-95-AA-24-82-B2">
      <ModulePath>C:\Program Files\dotnet\shared\Microsoft.NETCore.App\2.0.5\System.Reflection.Primitives.dll</ModulePath>
      <ModuleTime>2017-12-20T19:43:16Z</ModuleTime>
      <ModuleName>System.Reflection.Primitives</ModuleName>
      <Classes />
    </Module>
    <Module skippedDueTo="Filter" hash="">
      <ModulePath>RefEmit_InMemoryManifestModule</ModulePath>
      <ModuleTime>0001-01-01T00:00:00</ModuleTime>
      <ModuleName>Anonymously Hosted DynamicMethods Assembly</ModuleName>
      <Classes />
    </Module>
    <Module skippedDueTo="Filter" hash="57-51-2E-09-50-36-05-C8-F5-3A-5E-09-66-60-1C-C9-B9-9B-16-04">
      <ModulePath>C:\Program Files\dotnet\shared\Microsoft.NETCore.App\2.0.5\System.Reflection.dll</ModulePath>
      <ModuleTime>2017-12-20T19:43:16Z</ModuleTime>
      <ModuleName>System.Reflection</ModuleName>
      <Classes />
    </Module>
    <Module skippedDueTo="Filter" hash="F0-22-19-B7-F6-63-1E-8A-97-BC-E3-A8-0E-86-F3-9E-06-44-E8-01">
      <ModulePath>C:\Program Files\dotnet\shared\Microsoft.NETCore.App\2.0.5\System.IO.FileSystem.Primitives.dll</ModulePath>
      <ModuleTime>2017-12-20T19:43:14Z</ModuleTime>
      <ModuleName>System.IO.FileSystem.Primitives</ModuleName>
      <Classes />
    </Module>
    <Module skippedDueTo="Filter" hash="62-96-BF-2C-F9-33-5D-7F-8C-13-D2-55-CA-DA-99-3C-FF-CE-25-63">
      <ModulePath>C:\Program Files\dotnet\shared\Microsoft.NETCore.App\2.0.5\System.IO.FileSystem.dll</ModulePath>
      <ModuleTime>2017-12-20T19:43:14Z</ModuleTime>
      <ModuleName>System.IO.FileSystem</ModuleName>
      <Classes />
    </Module>
    <Module skippedDueTo="Filter" hash="A1-B2-87-D4-78-17-12-F6-93-F9-84-93-4C-AF-7A-D7-B0-96-20-33">
      <ModulePath>C:\Program Files\dotnet\shared\Microsoft.NETCore.App\2.0.5\System.Runtime.Loader.dll</ModulePath>
      <ModuleTime>2017-12-20T19:43:16Z</ModuleTime>
      <ModuleName>System.Runtime.Loader</ModuleName>
      <Classes />
    </Module>
    <Module skippedDueTo="Filter" hash="91-6D-F5-EC-F9-4D-69-F3-B7-D3-50-B6-BB-19-8B-C8-9A-0F-86-C9">
      <ModulePath>E:\Lucas\Documents\Git\OWLeague\OWLeagueBot\Tests\bin\Debug\netcoreapp2.0\Microsoft.VisualStudio.TestPlatform.MSTest.TestAdapter.dll</ModulePath>
      <ModuleTime>2017-10-10T11:41:14Z</ModuleTime>
      <ModuleName>Microsoft.VisualStudio.TestPlatform.MSTest.TestAdapter</ModuleName>
      <Classes />
    </Module>
    <Module skippedDueTo="Filter" hash="D9-7F-DA-4C-A6-F9-66-9D-7C-99-6A-18-05-86-52-E9-60-8D-0B-5D">
      <ModulePath>C:\Program Files\dotnet\shared\Microsoft.NETCore.App\2.0.5\System.Reflection.TypeExtensions.dll</ModulePath>
      <ModuleTime>2017-12-20T19:43:16Z</ModuleTime>
      <ModuleName>System.Reflection.TypeExtensions</ModuleName>
      <Classes />
    </Module>
    <Module skippedDueTo="Filter" hash="EB-0A-5B-0C-79-88-5F-D3-05-59-09-82-4A-6D-A1-56-4A-A6-DD-6F">
      <ModulePath>E:\Lucas\Documents\Git\OWLeague\OWLeagueBot\Tests\bin\Debug\netcoreapp2.0\Microsoft.VisualStudio.TestPlatform.MSTestAdapter.PlatformServices.Interface.dll</ModulePath>
      <ModuleTime>2017-10-10T11:41:14Z</ModuleTime>
      <ModuleName>Microsoft.VisualStudio.TestPlatform.MSTestAdapter.PlatformServices.Interface</ModuleName>
      <Classes />
    </Module>
    <Module skippedDueTo="Filter" hash="FB-51-B4-F2-14-BC-BA-19-B3-25-7A-B9-34-6B-76-88-94-4D-2F-5F">
      <ModulePath>E:\Lucas\Documents\Git\OWLeague\OWLeagueBot\Tests\bin\Debug\netcoreapp2.0\Microsoft.VisualStudio.TestPlatform.MSTestAdapter.PlatformServices.dll</ModulePath>
      <ModuleTime>2017-10-10T11:41:14Z</ModuleTime>
      <ModuleName>Microsoft.VisualStudio.TestPlatform.MSTestAdapter.PlatformServices</ModuleName>
      <Classes />
    </Module>
    <Module skippedDueTo="Filter" hash="68-FC-3A-DD-8C-59-13-B6-C3-B5-F8-17-4A-D6-21-6C-4E-C7-AB-91">
      <ModulePath>C:\Users\Lucas\.nuget\packages\mstest.testframework\1.2.0\lib\netstandard1.0\Microsoft.VisualStudio.TestPlatform.TestFramework.dll</ModulePath>
      <ModuleTime>2017-10-10T11:41:16Z</ModuleTime>
      <ModuleName>Microsoft.VisualStudio.TestPlatform.TestFramework</ModuleName>
      <Classes />
    </Module>
    <Module skippedDueTo="Filter" hash="63-FD-C6-E8-DB-A7-8A-8E-25-84-B8-B0-B6-62-FF-9D-E2-7E-B9-D0">
      <ModulePath>C:\Program Files\dotnet\shared\Microsoft.NETCore.App\2.0.5\System.Reflection.Extensions.dll</ModulePath>
      <ModuleTime>2017-12-20T19:43:16Z</ModuleTime>
      <ModuleName>System.Reflection.Extensions</ModuleName>
      <Classes />
    </Module>
    <Module skippedDueTo="Filter" hash="1D-C0-C8-FF-E4-5D-90-56-3B-08-F8-51-E0-6D-4A-EB-8F-24-B6-86">
      <ModulePath>E:\Lucas\Documents\Git\OWLeague\OWLeagueBot\Tests\bin\Debug\netcoreapp2.0\NUnit3.TestAdapter.dll</ModulePath>
      <ModuleTime>2018-03-07T21:32:26Z</ModuleTime>
      <ModuleName>NUnit3.TestAdapter</ModuleName>
      <Classes />
    </Module>
    <Module skippedDueTo="Filter" hash="71-D3-5B-9D-C9-A7-82-2C-F4-E0-07-02-7B-0C-09-8F-A4-F8-66-21">
      <ModulePath>E:\Lucas\Documents\Git\OWLeague\OWLeagueBot\Tests\bin\Debug\netcoreapp2.0\nunit.engine.netstandard.dll</ModulePath>
      <ModuleTime>2018-03-07T21:32:26Z</ModuleTime>
      <ModuleName>nunit.engine.netstandard</ModuleName>
      <Classes />
    </Module>
    <Module skippedDueTo="Filter" hash="7D-C9-55-AC-33-4A-1C-B9-B0-60-A3-48-9A-5B-29-42-57-2B-A8-BD">
      <ModulePath>C:\Program Files\dotnet\shared\Microsoft.NETCore.App\2.0.5\System.Threading.Timer.dll</ModulePath>
      <ModuleTime>2017-12-20T19:43:18Z</ModuleTime>
      <ModuleName>System.Threading.Timer</ModuleName>
      <Classes />
    </Module>
    <Module skippedDueTo="Filter" hash="8E-F1-C5-CB-FA-53-02-66-36-2E-9B-66-DF-41-38-01-35-FD-71-2D">
      <ModulePath>C:\Program Files\dotnet\shared\Microsoft.NETCore.App\2.0.5\System.Xml.XmlDocument.dll</ModulePath>
      <ModuleTime>2017-12-20T19:43:18Z</ModuleTime>
      <ModuleName>System.Xml.XmlDocument</ModuleName>
      <Classes />
    </Module>
    <Module skippedDueTo="Filter" hash="16-A3-A2-20-FF-D0-10-40-9D-3F-07-7F-3D-B1-23-42-5F-91-7C-7F">
      <ModulePath>C:\Program Files\dotnet\shared\Microsoft.NETCore.App\2.0.5\System.Resources.ResourceManager.dll</ModulePath>
      <ModuleTime>2017-12-20T19:43:16Z</ModuleTime>
      <ModuleName>System.Resources.ResourceManager</ModuleName>
      <Classes />
    </Module>
    <Module skippedDueTo="Filter" hash="EB-D5-85-1D-63-0E-26-A0-A2-87-8B-C7-75-30-5F-1B-02-57-65-64">
      <ModulePath>C:\Program Files\dotnet\shared\Microsoft.NETCore.App\2.0.5\System.Runtime.InteropServices.RuntimeInformation.dll</ModulePath>
      <ModuleTime>2017-12-20T19:43:16Z</ModuleTime>
      <ModuleName>System.Runtime.InteropServices.RuntimeInformation</ModuleName>
      <Classes />
    </Module>
    <Module skippedDueTo="Filter" hash="20-A8-DA-AB-DE-0F-5C-1B-25-28-68-80-29-DE-E7-7F-77-D1-60-6F">
      <ModulePath>C:\Program Files\dotnet\shared\Microsoft.NETCore.App\2.0.5\System.Text.Encoding.Extensions.dll</ModulePath>
      <ModuleTime>2017-12-20T19:43:18Z</ModuleTime>
      <ModuleName>System.Text.Encoding.Extensions</ModuleName>
      <Classes />
    </Module>
    <Module skippedDueTo="Filter" hash="0F-CF-13-35-5C-F7-1E-CE-F9-F6-E1-ED-30-BF-4A-70-DC-51-37-E3">
      <ModulePath>E:\Lucas\Documents\Git\OWLeague\OWLeagueBot\Tests\bin\Debug\netcoreapp2.0\OWLeagueBot.Tests.dll</ModulePath>
      <ModuleTime>2018-04-30T00:26:30.6535687Z</ModuleTime>
      <ModuleName>OWLeagueBot.Tests</ModuleName>
      <Classes />
    </Module>
    <Module skippedDueTo="MissingPdb" hash="F3-8D-28-20-64-42-83-54-40-61-8B-78-33-5F-AB-7A-4D-CD-27-0C">
      <ModulePath>E:\Lucas\Documents\Git\OWLeague\OWLeagueBot\Tests\bin\Debug\netcoreapp2.0\OWLeagueBot.dll</ModulePath>
      <ModuleTime>2018-04-30T00:26:28.9768215Z</ModuleTime>
      <ModuleName>OWLeagueBot</ModuleName>
      <Classes />
    </Module>
    <Module skippedDueTo="Filter" hash="62-66-06-43-D4-BB-67-88-12-4D-49-6D-69-27-B2-38-61-01-F7-61">
      <ModulePath>C:\Users\Lucas\.nuget\packages\nunit\3.10.1\lib\netstandard2.0\nunit.framework.dll</ModulePath>
      <ModuleTime>2018-03-13T01:58:16Z</ModuleTime>
      <ModuleName>nunit.framework</ModuleName>
      <Classes />
    </Module>
    <Module skippedDueTo="Filter" hash="4D-D5-62-66-98-A3-F4-2C-A7-F4-DC-90-D5-62-9F-4D-FF-A6-19-8E">
      <ModulePath>C:\Users\Lucas\.nuget\packages\system.xml.xpath.xmldocument\4.3.0\lib\netstandard1.3\System.Xml.XPath.XmlDocument.dll</ModulePath>
      <ModuleTime>2016-11-05T06:57:34Z</ModuleTime>
      <ModuleName>System.Xml.XPath.XmlDocument</ModuleName>
      <Classes />
    </Module>
    <Module skippedDueTo="Filter" hash="E9-D4-0A-EF-10-D1-8C-55-86-C7-1F-97-D4-1B-71-77-11-90-3A-A5">
      <ModulePath>C:\Program Files\dotnet\shared\Microsoft.NETCore.App\2.0.5\System.Xml.XPath.dll</ModulePath>
      <ModuleTime>2017-12-20T19:43:18Z</ModuleTime>
      <ModuleName>System.Xml.XPath</ModuleName>
      <Classes />
    </Module>
    <Module skippedDueTo="Filter" hash="24-33-6A-9C-10-FF-F8-3E-2C-9F-26-E9-C2-5F-4D-A2-B0-55-40-9D">
      <ModulePath>E:\Lucas\Documents\Git\OWLeague\OWLeagueBot\Tests\bin\Debug\netcoreapp2.0\Mono.Cecil.dll</ModulePath>
      <ModuleTime>2018-03-07T21:32:26Z</ModuleTime>
      <ModuleName>Mono.Cecil</ModuleName>
      <Classes />
    </Module>
    <Module skippedDueTo="Filter" hash="86-38-1F-10-F9-45-4E-1D-E5-CD-9A-E3-1B-A2-C8-15-BC-7F-8D-A8">
      <ModulePath>C:\Program Files\dotnet\shared\Microsoft.NETCore.App\2.0.5\System.Text.Encoding.dll</ModulePath>
      <ModuleTime>2017-12-20T19:43:18Z</ModuleTime>
      <ModuleName>System.Text.Encoding</ModuleName>
      <Classes />
    </Module>
    <Module skippedDueTo="Filter" hash="CB-5D-AF-E0-6F-08-BA-B5-94-92-31-00-DC-C5-F0-3D-FA-CB-16-78">
      <ModulePath>C:\Program Files\dotnet\shared\Microsoft.NETCore.App\2.0.5\System.Console.dll</ModulePath>
      <ModuleTime>2017-12-20T19:43:14Z</ModuleTime>
      <ModuleName>System.Console</ModuleName>
      <Classes />
    </Module>
    <Module skippedDueTo="Filter" hash="35-F5-AE-30-21-12-A3-3B-04-7D-44-88-0F-99-2F-E5-EB-9A-C8-A5">
      <ModulePath>C:\Program Files\dotnet\shared\Microsoft.NETCore.App\2.0.5\System.Text.RegularExpressions.dll</ModulePath>
      <ModuleTime>2017-12-20T19:43:18Z</ModuleTime>
      <ModuleName>System.Text.RegularExpressions</ModuleName>
      <Classes />
    </Module>
    <Module skippedDueTo="Filter" hash="8F-8D-4C-9A-0B-1F-70-0B-C2-AD-81-34-B3-20-0C-E0-68-3E-95-B9">
      <ModulePath>C:\Users\Lucas\.nuget\packages\microsoft.dotnet.internalabstractions\1.0.0\lib\netstandard1.3\Microsoft.DotNet.InternalAbstractions.dll</ModulePath>
      <ModuleTime>2016-06-22T00:04:54Z</ModuleTime>
      <ModuleName>Microsoft.DotNet.InternalAbstractions</ModuleName>
      <Classes />
    </Module>
    <Module skippedDueTo="Filter" hash="E0-CA-FD-F0-0C-6E-52-39-7A-EF-F1-48-E0-CD-C2-9D-E5-79-E6-78">
      <ModulePath>C:\Program Files\dotnet\shared\Microsoft.NETCore.App\2.0.5\System.Threading.Thread.dll</ModulePath>
      <ModuleTime>2017-12-20T19:43:18Z</ModuleTime>
      <ModuleName>System.Threading.Thread</ModuleName>
      <Classes />
    </Module>
    <Module skippedDueTo="Filter" hash="9B-12-59-3F-C8-68-1C-FF-D5-B8-DA-18-BA-B4-43-98-52-BC-B2-B7">
      <ModulePath>C:\Users\Lucas\.nuget\packages\restease\1.4.5\lib\netstandard1.1\RestEase.dll</ModulePath>
      <ModuleTime>2018-03-09T07:30:22Z</ModuleTime>
      <ModuleName>RestEase</ModuleName>
      <Classes />
    </Module>
    <Module skippedDueTo="Filter" hash="59-79-BF-C6-55-95-25-23-9C-DD-24-DA-96-B7-62-16-22-49-2F-D4">
      <ModulePath>C:\Program Files\dotnet\shared\Microsoft.NETCore.App\2.0.5\System.Net.Http.dll</ModulePath>
      <ModuleTime>2017-12-20T19:43:16Z</ModuleTime>
      <ModuleName>System.Net.Http</ModuleName>
      <Classes />
    </Module>
    <Module skippedDueTo="Filter" hash="59-4D-53-1D-0D-AA-AE-B6-B5-39-0D-F4-B7-84-33-2D-F6-AC-D6-B1">
      <ModulePath>C:\Program Files\dotnet\shared\Microsoft.NETCore.App\2.0.5\System.Reflection.Emit.dll</ModulePath>
      <ModuleTime>2017-12-20T19:43:16Z</ModuleTime>
      <ModuleName>System.Reflection.Emit</ModuleName>
      <Classes />
    </Module>
    <Module skippedDueTo="Filter" hash="">
      <ModulePath>RefEmit_InMemoryManifestModule</ModulePath>
      <ModuleTime>0001-01-01T00:00:00</ModuleTime>
      <ModuleName>RestEaseFactory</ModuleName>
      <Classes />
    </Module>
    <Module skippedDueTo="Filter" hash="58-83-F0-63-0E-BC-E2-B4-97-F4-DB-40-3C-EC-D4-56-6F-41-EC-EE">
      <ModulePath>C:\Users\Lucas\.nuget\packages\shouldly\3.0.0\lib\netstandard1.3\Shouldly.dll</ModulePath>
      <ModuleTime>2018-01-19T08:17:04Z</ModuleTime>
      <ModuleName>Shouldly</ModuleName>
      <Classes />
    </Module>
    <Module skippedDueTo="Filter" hash="1A-70-99-28-23-C7-02-29-07-AA-AF-B2-FD-30-AF-B6-57-D3-C7-33">
      <ModulePath>C:\Program Files\dotnet\shared\Microsoft.NETCore.App\2.0.5\System.Diagnostics.DiagnosticSource.dll</ModulePath>
      <ModuleTime>2017-12-20T19:43:14Z</ModuleTime>
      <ModuleName>System.Diagnostics.DiagnosticSource</ModuleName>
      <Classes />
    </Module>
    <Module skippedDueTo="Filter" hash="42-A3-C1-B6-BD-30-D8-AB-64-EF-2E-1C-B1-4B-4F-B8-AB-37-70-9B">
      <ModulePath>C:\Program Files\dotnet\shared\Microsoft.NETCore.App\2.0.5\System.Security.Cryptography.X509Certificates.dll</ModulePath>
      <ModuleTime>2017-12-20T19:43:16Z</ModuleTime>
      <ModuleName>System.Security.Cryptography.X509Certificates</ModuleName>
      <Classes />
    </Module>
    <Module skippedDueTo="Filter" hash="47-5E-28-B2-AE-0D-E4-88-2D-81-90-A5-7C-CF-70-19-97-25-75-51">
      <ModulePath>C:\Program Files\dotnet\shared\Microsoft.NETCore.App\2.0.5\System.Security.Cryptography.Primitives.dll</ModulePath>
      <ModuleTime>2017-12-20T19:43:16Z</ModuleTime>
      <ModuleName>System.Security.Cryptography.Primitives</ModuleName>
      <Classes />
    </Module>
    <Module skippedDueTo="Filter" hash="60-90-01-7F-22-26-A1-16-2A-38-12-04-3D-D9-3D-90-D0-D0-4A-29">
      <ModulePath>C:\Program Files\dotnet\shared\Microsoft.NETCore.App\2.0.5\System.Security.Cryptography.Algorithms.dll</ModulePath>
      <ModuleTime>2017-12-20T19:43:16Z</ModuleTime>
      <ModuleName>System.Security.Cryptography.Algorithms</ModuleName>
      <Classes />
    </Module>
    <Module skippedDueTo="Filter" hash="F7-33-16-81-3D-87-54-05-5E-D8-A2-98-44-D5-DB-0C-A0-29-71-38">
      <ModulePath>C:\Program Files\dotnet\shared\Microsoft.NETCore.App\2.0.5\System.Buffers.dll</ModulePath>
      <ModuleTime>2017-12-20T19:43:14Z</ModuleTime>
      <ModuleName>System.Buffers</ModuleName>
      <Classes />
    </Module>
    <Module skippedDueTo="Filter" hash="CF-0F-2E-6F-9B-B7-12-11-98-69-F1-49-21-8B-35-D1-75-E5-25-65">
      <ModulePath>C:\Program Files\dotnet\shared\Microsoft.NETCore.App\2.0.5\System.IO.Compression.dll</ModulePath>
      <ModuleTime>2017-12-20T19:43:14Z</ModuleTime>
      <ModuleName>System.IO.Compression</ModuleName>
      <Classes />
    </Module>
    <Module skippedDueTo="Filter" hash="09-7C-8E-20-AE-A6-0D-22-D4-19-14-B8-A4-26-17-B8-B2-41-BB-D4">
      <ModulePath>C:\Program Files\dotnet\shared\Microsoft.NETCore.App\2.0.5\System.ComponentModel.TypeConverter.dll</ModulePath>
      <ModuleTime>2017-12-20T19:43:14Z</ModuleTime>
      <ModuleName>System.ComponentModel.TypeConverter</ModuleName>
      <Classes />
    </Module>
    <Module skippedDueTo="Filter" hash="A7-26-DD-05-3A-AD-59-0D-EC-19-21-E7-21-0E-8A-3E-39-80-8A-D8">
      <ModulePath>C:\Program Files\dotnet\shared\Microsoft.NETCore.App\2.0.5\System.Collections.Specialized.dll</ModulePath>
      <ModuleTime>2017-12-20T19:43:14Z</ModuleTime>
      <ModuleName>System.Collections.Specialized</ModuleName>
      <Classes />
    </Module>
    <Module skippedDueTo="Filter" hash="7E-E4-B9-7C-35-C5-29-90-C2-FE-35-F2-36-FD-76-AC-68-25-D6-4B">
      <ModulePath>C:\Program Files\dotnet\shared\Microsoft.NETCore.App\2.0.5\System.Drawing.Primitives.dll</ModulePath>
      <ModuleTime>2017-12-20T19:43:14Z</ModuleTime>
      <ModuleName>System.Drawing.Primitives</ModuleName>
      <Classes />
    </Module>
  </Modules>
</CoverageSession>